{"C:\\Users\\dazap\\OneDrive\\Escritorio\\pasteleria-react-vite-main\\src\\css\\estilos.css": {"path":"C:\\Users\\dazap\\OneDrive\\Escritorio\\pasteleria-react-vite-main\\src\\css\\estilos.css","statementMap":{},"fnMap":{},"branchMap":{},"s":{},"f":{},"b":{},"meta":{"lastBranch":0,"lastFunction":0,"lastStatement":0,"seen":{}}}
,"C:\\Users\\dazap\\OneDrive\\Escritorio\\pasteleria-react-vite-main\\src\\pages\\Admin.jsx": {"path":"C:\\Users\\dazap\\OneDrive\\Escritorio\\pasteleria-react-vite-main\\src\\pages\\Admin.jsx","statementMap":{"0":{"start":{"line":4,"column":16},"end":{"line":4,"column":null}},"1":{"start":{"line":5,"column":16},"end":{"line":5,"column":null}},"2":{"start":{"line":6,"column":15},"end":{"line":11,"column":null}},"3":{"start":{"line":7,"column":4},"end":{"line":11,"column":null}},"4":{"start":{"line":15,"column":4},"end":{"line":15,"column":null}},"5":{"start":{"line":15,"column":68},"end":{"line":15,"column":null}},"6":{"start":{"line":16,"column":15},"end":{"line":16,"column":null}},"7":{"start":{"line":17,"column":4},"end":{"line":17,"column":null}},"8":{"start":{"line":18,"column":4},"end":{"line":18,"column":null}},"9":{"start":{"line":19,"column":4},"end":{"line":19,"column":null}},"10":{"start":{"line":24,"column":4},"end":{"line":24,"column":null}},"11":{"start":{"line":24,"column":12},"end":{"line":24,"column":null}},"12":{"start":{"line":25,"column":4},"end":{"line":32,"column":null}},"13":{"start":{"line":37,"column":4},"end":{"line":37,"column":null}},"14":{"start":{"line":37,"column":60},"end":{"line":37,"column":null}},"15":{"start":{"line":38,"column":18},"end":{"line":40,"column":null}},"16":{"start":{"line":41,"column":16},"end":{"line":41,"column":null}},"17":{"start":{"line":44,"column":17},"end":{"line":44,"column":null}},"18":{"start":{"line":45,"column":4},"end":{"line":45,"column":null}},"19":{"start":{"line":45,"column":29},"end":{"line":45,"column":62}},"20":{"start":{"line":50,"column":4},"end":{"line":75,"column":null}},"21":{"start":{"line":79,"column":4},"end":{"line":79,"column":null}},"22":{"start":{"line":79,"column":51},"end":{"line":79,"column":68}},"23":{"start":{"line":85,"column":24},"end":{"line":85,"column":null}},"24":{"start":{"line":85,"column":37},"end":{"line":85,"column":78}},"25":{"start":{"line":87,"column":4},"end":{"line":91,"column":null}},"26":{"start":{"line":88,"column":23},"end":{"line":88,"column":null}},"27":{"start":{"line":88,"column":29},"end":{"line":88,"column":null}},"28":{"start":{"line":89,"column":8},"end":{"line":89,"column":null}},"29":{"start":{"line":90,"column":8},"end":{"line":90,"column":null}},"30":{"start":{"line":90,"column":21},"end":{"line":90,"column":null}},"31":{"start":{"line":94,"column":4},"end":{"line":96,"column":null}},"32":{"start":{"line":95,"column":8},"end":{"line":95,"column":null}},"33":{"start":{"line":99,"column":34},"end":{"line":111,"column":null}},"34":{"start":{"line":100,"column":23},"end":{"line":100,"column":null}},"35":{"start":{"line":101,"column":8},"end":{"line":101,"column":null}},"36":{"start":{"line":101,"column":27},"end":{"line":101,"column":null}},"37":{"start":{"line":103,"column":24},"end":{"line":103,"column":null}},"38":{"start":{"line":104,"column":8},"end":{"line":107,"column":null}},"39":{"start":{"line":105,"column":12},"end":{"line":105,"column":null}},"40":{"start":{"line":106,"column":12},"end":{"line":106,"column":null}},"41":{"start":{"line":108,"column":21},"end":{"line":108,"column":null}},"42":{"start":{"line":109,"column":8},"end":{"line":109,"column":null}},"43":{"start":{"line":110,"column":8},"end":{"line":110,"column":null}},"44":{"start":{"line":113,"column":32},"end":{"line":122,"column":null}},"45":{"start":{"line":114,"column":23},"end":{"line":114,"column":null}},"46":{"start":{"line":115,"column":8},"end":{"line":115,"column":null}},"47":{"start":{"line":115,"column":27},"end":{"line":115,"column":null}},"48":{"start":{"line":116,"column":21},"end":{"line":119,"column":null}},"49":{"start":{"line":120,"column":8},"end":{"line":120,"column":null}},"50":{"start":{"line":121,"column":8},"end":{"line":121,"column":null}},"51":{"start":{"line":125,"column":4},"end":{"line":138,"column":null}},"52":{"start":{"line":126,"column":27},"end":{"line":132,"column":null}},"53":{"start":{"line":127,"column":28},"end":{"line":127,"column":null}},"54":{"start":{"line":128,"column":12},"end":{"line":131,"column":null}},"55":{"start":{"line":129,"column":16},"end":{"line":129,"column":null}},"56":{"start":{"line":130,"column":16},"end":{"line":130,"column":null}},"57":{"start":{"line":135,"column":8},"end":{"line":135,"column":null}},"58":{"start":{"line":136,"column":18},"end":{"line":136,"column":null}},"59":{"start":{"line":137,"column":8},"end":{"line":137,"column":null}},"60":{"start":{"line":137,"column":21},"end":{"line":137,"column":null}},"61":{"start":{"line":141,"column":4},"end":{"line":143,"column":null}},"62":{"start":{"line":142,"column":8},"end":{"line":142,"column":null}},"63":{"start":{"line":145,"column":4},"end":{"line":147,"column":null}},"64":{"start":{"line":146,"column":8},"end":{"line":146,"column":null}},"65":{"start":{"line":150,"column":10},"end":{"line":157,"column":null}},"66":{"start":{"line":151,"column":14},"end":{"line":151,"column":null}},"67":{"start":{"line":152,"column":8},"end":{"line":156,"column":null}},"68":{"start":{"line":160,"column":24},"end":{"line":160,"column":null}},"69":{"start":{"line":160,"column":36},"end":{"line":160,"column":null}},"70":{"start":{"line":163,"column":4},"end":{"line":210,"column":null}},"71":{"start":{"line":216,"column":4},"end":{"line":221,"column":null}},"72":{"start":{"line":217,"column":20},"end":{"line":217,"column":null}},"73":{"start":{"line":218,"column":8},"end":{"line":218,"column":null}},"74":{"start":{"line":220,"column":8},"end":{"line":220,"column":null}},"75":{"start":{"line":226,"column":4},"end":{"line":262,"column":null}},"76":{"start":{"line":268,"column":18},"end":{"line":268,"column":null}},"77":{"start":{"line":270,"column":10},"end":{"line":280,"column":null}},"78":{"start":{"line":271,"column":18},"end":{"line":271,"column":null}},"79":{"start":{"line":272,"column":8},"end":{"line":279,"column":null}},"80":{"start":{"line":275,"column":20},"end":{"line":277,"column":null}},"81":{"start":{"line":279,"column":28},"end":{"line":279,"column":39}},"82":{"start":{"line":282,"column":16},"end":{"line":285,"column":null}},"83":{"start":{"line":283,"column":8},"end":{"line":283,"column":null}},"84":{"start":{"line":283,"column":50},"end":{"line":283,"column":null}},"85":{"start":{"line":284,"column":8},"end":{"line":284,"column":null}},"86":{"start":{"line":284,"column":31},"end":{"line":284,"column":62}},"87":{"start":{"line":284,"column":50},"end":{"line":284,"column":61}},"88":{"start":{"line":287,"column":4},"end":{"line":363,"column":null}},"89":{"start":{"line":296,"column":41},"end":{"line":296,"column":null}},"90":{"start":{"line":318,"column":32},"end":{"line":350,"column":null}},"91":{"start":{"line":345,"column":102},"end":{"line":345,"column":113}},"92":{"start":{"line":368,"column":27},"end":{"line":377,"column":null}},"93":{"start":{"line":379,"column":17},"end":{"line":379,"column":null}},"94":{"start":{"line":380,"column":19},"end":{"line":380,"column":null}},"95":{"start":{"line":380,"column":48},"end":{"line":380,"column":75}},"96":{"start":{"line":382,"column":24},"end":{"line":391,"column":null}},"97":{"start":{"line":393,"column":4},"end":{"line":397,"column":null}},"98":{"start":{"line":394,"column":8},"end":{"line":396,"column":null}},"99":{"start":{"line":395,"column":12},"end":{"line":395,"column":null}},"100":{"start":{"line":399,"column":21},"end":{"line":420,"column":null}},"101":{"start":{"line":400,"column":8},"end":{"line":400,"column":null}},"102":{"start":{"line":401,"column":21},"end":{"line":405,"column":null}},"103":{"start":{"line":406,"column":8},"end":{"line":409,"column":null}},"104":{"start":{"line":407,"column":12},"end":{"line":407,"column":null}},"105":{"start":{"line":408,"column":12},"end":{"line":408,"column":null}},"106":{"start":{"line":410,"column":8},"end":{"line":418,"column":null}},"107":{"start":{"line":411,"column":24},"end":{"line":411,"column":null}},"108":{"start":{"line":411,"column":46},"end":{"line":411,"column":78}},"109":{"start":{"line":412,"column":12},"end":{"line":416,"column":null}},"110":{"start":{"line":413,"column":29},"end":{"line":413,"column":null}},"111":{"start":{"line":414,"column":16},"end":{"line":414,"column":null}},"112":{"start":{"line":415,"column":16},"end":{"line":415,"column":null}},"113":{"start":{"line":417,"column":12},"end":{"line":417,"column":null}},"114":{"start":{"line":419,"column":8},"end":{"line":419,"column":null}},"115":{"start":{"line":422,"column":4},"end":{"line":493,"column":null}},"116":{"start":{"line":439,"column":45},"end":{"line":439,"column":null}},"117":{"start":{"line":448,"column":45},"end":{"line":448,"column":null}},"118":{"start":{"line":457,"column":45},"end":{"line":457,"column":null}},"119":{"start":{"line":461,"column":32},"end":{"line":461,"column":null}},"120":{"start":{"line":474,"column":45},"end":{"line":474,"column":null}},"121":{"start":{"line":483,"column":45},"end":{"line":483,"column":null}},"122":{"start":{"line":499,"column":18},"end":{"line":499,"column":null}},"123":{"start":{"line":501,"column":10},"end":{"line":511,"column":null}},"124":{"start":{"line":502,"column":18},"end":{"line":502,"column":null}},"125":{"start":{"line":503,"column":8},"end":{"line":510,"column":null}},"126":{"start":{"line":506,"column":20},"end":{"line":508,"column":null}},"127":{"start":{"line":510,"column":28},"end":{"line":510,"column":39}},"128":{"start":{"line":513,"column":16},"end":{"line":516,"column":null}},"129":{"start":{"line":514,"column":8},"end":{"line":514,"column":null}},"130":{"start":{"line":514,"column":49},"end":{"line":514,"column":null}},"131":{"start":{"line":515,"column":8},"end":{"line":515,"column":null}},"132":{"start":{"line":515,"column":30},"end":{"line":515,"column":61}},"133":{"start":{"line":515,"column":49},"end":{"line":515,"column":60}},"134":{"start":{"line":518,"column":4},"end":{"line":577,"column":null}},"135":{"start":{"line":527,"column":41},"end":{"line":527,"column":null}},"136":{"start":{"line":547,"column":32},"end":{"line":564,"column":null}},"137":{"start":{"line":559,"column":102},"end":{"line":559,"column":113}},"138":{"start":{"line":582,"column":17},"end":{"line":582,"column":null}},"139":{"start":{"line":583,"column":19},"end":{"line":583,"column":null}},"140":{"start":{"line":583,"column":47},"end":{"line":583,"column":74}},"141":{"start":{"line":585,"column":24},"end":{"line":592,"column":null}},"142":{"start":{"line":594,"column":4},"end":{"line":598,"column":null}},"143":{"start":{"line":595,"column":8},"end":{"line":597,"column":null}},"144":{"start":{"line":596,"column":12},"end":{"line":596,"column":null}},"145":{"start":{"line":600,"column":21},"end":{"line":620,"column":null}},"146":{"start":{"line":601,"column":8},"end":{"line":601,"column":null}},"147":{"start":{"line":602,"column":21},"end":{"line":605,"column":null}},"148":{"start":{"line":606,"column":8},"end":{"line":609,"column":null}},"149":{"start":{"line":607,"column":12},"end":{"line":607,"column":null}},"150":{"start":{"line":608,"column":12},"end":{"line":608,"column":null}},"151":{"start":{"line":610,"column":8},"end":{"line":618,"column":null}},"152":{"start":{"line":611,"column":24},"end":{"line":611,"column":null}},"153":{"start":{"line":611,"column":46},"end":{"line":611,"column":78}},"154":{"start":{"line":612,"column":12},"end":{"line":616,"column":null}},"155":{"start":{"line":613,"column":29},"end":{"line":613,"column":null}},"156":{"start":{"line":614,"column":16},"end":{"line":614,"column":null}},"157":{"start":{"line":615,"column":16},"end":{"line":615,"column":null}},"158":{"start":{"line":617,"column":12},"end":{"line":617,"column":null}},"159":{"start":{"line":619,"column":8},"end":{"line":619,"column":null}},"160":{"start":{"line":622,"column":4},"end":{"line":667,"column":null}},"161":{"start":{"line":639,"column":45},"end":{"line":639,"column":null}},"162":{"start":{"line":649,"column":45},"end":{"line":649,"column":null}},"163":{"start":{"line":657,"column":45},"end":{"line":657,"column":null}},"164":{"start":{"line":673,"column":36},"end":{"line":673,"column":null}},"165":{"start":{"line":675,"column":4},"end":{"line":677,"column":null}},"166":{"start":{"line":676,"column":8},"end":{"line":676,"column":null}},"167":{"start":{"line":679,"column":4},"end":{"line":683,"column":null}},"168":{"start":{"line":680,"column":8},"end":{"line":680,"column":null}},"169":{"start":{"line":680,"column":33},"end":{"line":680,"column":null}},"170":{"start":{"line":681,"column":8},"end":{"line":681,"column":null}},"171":{"start":{"line":681,"column":32},"end":{"line":681,"column":null}},"172":{"start":{"line":682,"column":8},"end":{"line":682,"column":null}},"173":{"start":{"line":682,"column":33},"end":{"line":682,"column":null}},"174":{"start":{"line":685,"column":4},"end":{"line":689,"column":null}},"175":{"start":{"line":686,"column":8},"end":{"line":686,"column":null}},"176":{"start":{"line":686,"column":33},"end":{"line":686,"column":null}},"177":{"start":{"line":687,"column":8},"end":{"line":687,"column":null}},"178":{"start":{"line":687,"column":32},"end":{"line":687,"column":null}},"179":{"start":{"line":688,"column":8},"end":{"line":688,"column":null}},"180":{"start":{"line":688,"column":33},"end":{"line":688,"column":null}},"181":{"start":{"line":691,"column":4},"end":{"line":691,"column":null}}},"fnMap":{"0":{"name":"(anonymous_0)","decl":{"start":{"line":6,"column":15},"end":{"line":6,"column":16}},"loc":{"start":{"line":7,"column":4},"end":{"line":11,"column":null}},"line":7},"1":{"name":"ensureScriptMain","decl":{"start":{"line":14,"column":9},"end":{"line":14,"column":28}},"loc":{"start":{"line":14,"column":28},"end":{"line":20,"column":null}},"line":14},"2":{"name":"normaliza","decl":{"start":{"line":23,"column":9},"end":{"line":23,"column":19}},"loc":{"start":{"line":23,"column":22},"end":{"line":33,"column":null}},"line":23},"3":{"name":"fromWindowProductos","decl":{"start":{"line":36,"column":9},"end":{"line":36,"column":31}},"loc":{"start":{"line":36,"column":31},"end":{"line":46,"column":null}},"line":36},"4":{"name":"(anonymous_4)","decl":{"start":{"line":45,"column":22},"end":{"line":45,"column":23}},"loc":{"start":{"line":45,"column":29},"end":{"line":45,"column":62}},"line":45},"5":{"name":"demoProductos","decl":{"start":{"line":49,"column":9},"end":{"line":49,"column":25}},"loc":{"start":{"line":49,"column":25},"end":{"line":76,"column":null}},"line":49},"6":{"name":"nextId","decl":{"start":{"line":78,"column":9},"end":{"line":78,"column":16}},"loc":{"start":{"line":78,"column":21},"end":{"line":80,"column":null}},"line":78},"7":{"name":"(anonymous_7)","decl":{"start":{"line":79,"column":44},"end":{"line":79,"column":45}},"loc":{"start":{"line":79,"column":51},"end":{"line":79,"column":68}},"line":79},"8":{"name":"Admin","decl":{"start":{"line":83,"column":24},"end":{"line":83,"column":32}},"loc":{"start":{"line":83,"column":32},"end":{"line":212,"column":null}},"line":83},"9":{"name":"(anonymous_9)","decl":{"start":{"line":85,"column":37},"end":{"line":85,"column":44}},"loc":{"start":{"line":85,"column":37},"end":{"line":85,"column":78}},"line":85},"10":{"name":"(anonymous_10)","decl":{"start":{"line":87,"column":14},"end":{"line":87,"column":20}},"loc":{"start":{"line":87,"column":20},"end":{"line":91,"column":7}},"line":87},"11":{"name":"(anonymous_11)","decl":{"start":{"line":88,"column":23},"end":{"line":88,"column":29}},"loc":{"start":{"line":88,"column":29},"end":{"line":88,"column":null}},"line":88},"12":{"name":"(anonymous_12)","decl":{"start":{"line":90,"column":15},"end":{"line":90,"column":21}},"loc":{"start":{"line":90,"column":21},"end":{"line":90,"column":null}},"line":90},"13":{"name":"(anonymous_13)","decl":{"start":{"line":94,"column":14},"end":{"line":94,"column":20}},"loc":{"start":{"line":94,"column":20},"end":{"line":96,"column":7}},"line":94},"14":{"name":"(anonymous_14)","decl":{"start":{"line":99,"column":47},"end":{"line":99,"column":53}},"loc":{"start":{"line":99,"column":53},"end":{"line":111,"column":5}},"line":99},"15":{"name":"(anonymous_15)","decl":{"start":{"line":113,"column":45},"end":{"line":113,"column":51}},"loc":{"start":{"line":113,"column":51},"end":{"line":122,"column":5}},"line":113},"16":{"name":"(anonymous_16)","decl":{"start":{"line":125,"column":14},"end":{"line":125,"column":20}},"loc":{"start":{"line":125,"column":20},"end":{"line":138,"column":7}},"line":125},"17":{"name":"(anonymous_17)","decl":{"start":{"line":126,"column":27},"end":{"line":126,"column":33}},"loc":{"start":{"line":126,"column":33},"end":{"line":132,"column":null}},"line":126},"18":{"name":"(anonymous_18)","decl":{"start":{"line":137,"column":15},"end":{"line":137,"column":21}},"loc":{"start":{"line":137,"column":21},"end":{"line":137,"column":null}},"line":137},"19":{"name":"(anonymous_19)","decl":{"start":{"line":141,"column":14},"end":{"line":141,"column":20}},"loc":{"start":{"line":141,"column":20},"end":{"line":143,"column":7}},"line":141},"20":{"name":"(anonymous_20)","decl":{"start":{"line":145,"column":14},"end":{"line":145,"column":20}},"loc":{"start":{"line":145,"column":20},"end":{"line":147,"column":7}},"line":145},"21":{"name":"(anonymous_21)","decl":{"start":{"line":150,"column":26},"end":{"line":150,"column":32}},"loc":{"start":{"line":150,"column":32},"end":{"line":157,"column":7}},"line":150},"22":{"name":"(anonymous_22)","decl":{"start":{"line":160,"column":24},"end":{"line":160,"column":25}},"loc":{"start":{"line":160,"column":36},"end":{"line":160,"column":null}},"line":160},"23":{"name":"safeJSON","decl":{"start":{"line":215,"column":9},"end":{"line":215,"column":18}},"loc":{"start":{"line":215,"column":21},"end":{"line":222,"column":null}},"line":215},"24":{"name":"HomeView","decl":{"start":{"line":225,"column":9},"end":{"line":225,"column":18}},"loc":{"start":{"line":225,"column":43},"end":{"line":264,"column":null}},"line":225},"25":{"name":"ProductosListar","decl":{"start":{"line":267,"column":9},"end":{"line":267,"column":25}},"loc":{"start":{"line":267,"column":54},"end":{"line":365,"column":null}},"line":267},"26":{"name":"(anonymous_26)","decl":{"start":{"line":270,"column":25},"end":{"line":270,"column":31}},"loc":{"start":{"line":270,"column":31},"end":{"line":280,"column":7}},"line":270},"27":{"name":"(anonymous_27)","decl":{"start":{"line":274,"column":16},"end":{"line":274,"column":17}},"loc":{"start":{"line":275,"column":20},"end":{"line":277,"column":null}},"line":275},"28":{"name":"(anonymous_28)","decl":{"start":{"line":279,"column":18},"end":{"line":279,"column":19}},"loc":{"start":{"line":279,"column":28},"end":{"line":279,"column":39}},"line":279},"29":{"name":"(anonymous_29)","decl":{"start":{"line":282,"column":16},"end":{"line":282,"column":17}},"loc":{"start":{"line":282,"column":24},"end":{"line":285,"column":null}},"line":282},"30":{"name":"(anonymous_30)","decl":{"start":{"line":284,"column":21},"end":{"line":284,"column":22}},"loc":{"start":{"line":284,"column":31},"end":{"line":284,"column":62}},"line":284},"31":{"name":"(anonymous_31)","decl":{"start":{"line":284,"column":43},"end":{"line":284,"column":44}},"loc":{"start":{"line":284,"column":50},"end":{"line":284,"column":61}},"line":284},"32":{"name":"(anonymous_32)","decl":{"start":{"line":296,"column":34},"end":{"line":296,"column":35}},"loc":{"start":{"line":296,"column":41},"end":{"line":296,"column":null}},"line":296},"33":{"name":"(anonymous_33)","decl":{"start":{"line":317,"column":38},"end":{"line":317,"column":39}},"loc":{"start":{"line":318,"column":32},"end":{"line":350,"column":null}},"line":318},"34":{"name":"(anonymous_34)","decl":{"start":{"line":345,"column":96},"end":{"line":345,"column":102}},"loc":{"start":{"line":345,"column":102},"end":{"line":345,"column":113}},"line":345},"35":{"name":"ProductoForm","decl":{"start":{"line":367,"column":9},"end":{"line":367,"column":22}},"loc":{"start":{"line":367,"column":61},"end":{"line":495,"column":null}},"line":367},"36":{"name":"(anonymous_36)","decl":{"start":{"line":380,"column":41},"end":{"line":380,"column":42}},"loc":{"start":{"line":380,"column":48},"end":{"line":380,"column":75}},"line":380},"37":{"name":"(anonymous_37)","decl":{"start":{"line":393,"column":14},"end":{"line":393,"column":20}},"loc":{"start":{"line":393,"column":20},"end":{"line":397,"column":7}},"line":393},"38":{"name":"(anonymous_38)","decl":{"start":{"line":399,"column":21},"end":{"line":399,"column":22}},"loc":{"start":{"line":399,"column":28},"end":{"line":420,"column":null}},"line":399},"39":{"name":"(anonymous_39)","decl":{"start":{"line":410,"column":21},"end":{"line":410,"column":22}},"loc":{"start":{"line":410,"column":31},"end":{"line":418,"column":9}},"line":410},"40":{"name":"(anonymous_40)","decl":{"start":{"line":411,"column":39},"end":{"line":411,"column":40}},"loc":{"start":{"line":411,"column":46},"end":{"line":411,"column":78}},"line":411},"41":{"name":"(anonymous_41)","decl":{"start":{"line":439,"column":38},"end":{"line":439,"column":39}},"loc":{"start":{"line":439,"column":45},"end":{"line":439,"column":null}},"line":439},"42":{"name":"(anonymous_42)","decl":{"start":{"line":448,"column":38},"end":{"line":448,"column":39}},"loc":{"start":{"line":448,"column":45},"end":{"line":448,"column":null}},"line":448},"43":{"name":"(anonymous_43)","decl":{"start":{"line":457,"column":38},"end":{"line":457,"column":39}},"loc":{"start":{"line":457,"column":45},"end":{"line":457,"column":null}},"line":457},"44":{"name":"(anonymous_44)","decl":{"start":{"line":460,"column":48},"end":{"line":460,"column":49}},"loc":{"start":{"line":461,"column":32},"end":{"line":461,"column":null}},"line":461},"45":{"name":"(anonymous_45)","decl":{"start":{"line":474,"column":38},"end":{"line":474,"column":39}},"loc":{"start":{"line":474,"column":45},"end":{"line":474,"column":null}},"line":474},"46":{"name":"(anonymous_46)","decl":{"start":{"line":483,"column":38},"end":{"line":483,"column":39}},"loc":{"start":{"line":483,"column":45},"end":{"line":483,"column":null}},"line":483},"47":{"name":"UsuariosListar","decl":{"start":{"line":498,"column":9},"end":{"line":498,"column":24}},"loc":{"start":{"line":498,"column":51},"end":{"line":579,"column":null}},"line":498},"48":{"name":"(anonymous_48)","decl":{"start":{"line":501,"column":25},"end":{"line":501,"column":31}},"loc":{"start":{"line":501,"column":31},"end":{"line":511,"column":7}},"line":501},"49":{"name":"(anonymous_49)","decl":{"start":{"line":505,"column":16},"end":{"line":505,"column":17}},"loc":{"start":{"line":506,"column":20},"end":{"line":508,"column":null}},"line":506},"50":{"name":"(anonymous_50)","decl":{"start":{"line":510,"column":18},"end":{"line":510,"column":19}},"loc":{"start":{"line":510,"column":28},"end":{"line":510,"column":39}},"line":510},"51":{"name":"(anonymous_51)","decl":{"start":{"line":513,"column":16},"end":{"line":513,"column":17}},"loc":{"start":{"line":513,"column":24},"end":{"line":516,"column":null}},"line":513},"52":{"name":"(anonymous_52)","decl":{"start":{"line":515,"column":20},"end":{"line":515,"column":21}},"loc":{"start":{"line":515,"column":30},"end":{"line":515,"column":61}},"line":515},"53":{"name":"(anonymous_53)","decl":{"start":{"line":515,"column":42},"end":{"line":515,"column":43}},"loc":{"start":{"line":515,"column":49},"end":{"line":515,"column":60}},"line":515},"54":{"name":"(anonymous_54)","decl":{"start":{"line":527,"column":34},"end":{"line":527,"column":35}},"loc":{"start":{"line":527,"column":41},"end":{"line":527,"column":null}},"line":527},"55":{"name":"(anonymous_55)","decl":{"start":{"line":546,"column":38},"end":{"line":546,"column":39}},"loc":{"start":{"line":547,"column":32},"end":{"line":564,"column":null}},"line":547},"56":{"name":"(anonymous_56)","decl":{"start":{"line":559,"column":96},"end":{"line":559,"column":102}},"loc":{"start":{"line":559,"column":102},"end":{"line":559,"column":113}},"line":559},"57":{"name":"UsuarioForm","decl":{"start":{"line":581,"column":9},"end":{"line":581,"column":21}},"loc":{"start":{"line":581,"column":58},"end":{"line":669,"column":null}},"line":581},"58":{"name":"(anonymous_58)","decl":{"start":{"line":583,"column":40},"end":{"line":583,"column":41}},"loc":{"start":{"line":583,"column":47},"end":{"line":583,"column":74}},"line":583},"59":{"name":"(anonymous_59)","decl":{"start":{"line":594,"column":14},"end":{"line":594,"column":20}},"loc":{"start":{"line":594,"column":20},"end":{"line":598,"column":7}},"line":594},"60":{"name":"(anonymous_60)","decl":{"start":{"line":600,"column":21},"end":{"line":600,"column":22}},"loc":{"start":{"line":600,"column":28},"end":{"line":620,"column":null}},"line":600},"61":{"name":"(anonymous_61)","decl":{"start":{"line":610,"column":20},"end":{"line":610,"column":21}},"loc":{"start":{"line":610,"column":30},"end":{"line":618,"column":9}},"line":610},"62":{"name":"(anonymous_62)","decl":{"start":{"line":611,"column":39},"end":{"line":611,"column":40}},"loc":{"start":{"line":611,"column":46},"end":{"line":611,"column":78}},"line":611},"63":{"name":"(anonymous_63)","decl":{"start":{"line":639,"column":38},"end":{"line":639,"column":39}},"loc":{"start":{"line":639,"column":45},"end":{"line":639,"column":null}},"line":639},"64":{"name":"(anonymous_64)","decl":{"start":{"line":649,"column":38},"end":{"line":649,"column":39}},"loc":{"start":{"line":649,"column":45},"end":{"line":649,"column":null}},"line":649},"65":{"name":"(anonymous_65)","decl":{"start":{"line":657,"column":38},"end":{"line":657,"column":39}},"loc":{"start":{"line":657,"column":45},"end":{"line":657,"column":null}},"line":657},"66":{"name":"renderRoute","decl":{"start":{"line":672,"column":9},"end":{"line":672,"column":21}},"loc":{"start":{"line":672,"column":80},"end":{"line":692,"column":null}},"line":672}},"branchMap":{"0":{"loc":{"start":{"line":7,"column":11},"end":{"line":7,"column":17}},"type":"binary-expr","locations":[{"start":{"line":7,"column":11},"end":{"line":7,"column":16}},{"start":{"line":7,"column":16},"end":{"line":7,"column":17}}],"line":7},"1":{"loc":{"start":{"line":15,"column":4},"end":{"line":15,"column":null}},"type":"if","locations":[{"start":{"line":15,"column":4},"end":{"line":15,"column":null}},{"start":{},"end":{}}],"line":15},"2":{"loc":{"start":{"line":24,"column":4},"end":{"line":24,"column":null}},"type":"if","locations":[{"start":{"line":24,"column":4},"end":{"line":24,"column":null}},{"start":{},"end":{}}],"line":24},"3":{"loc":{"start":{"line":27,"column":16},"end":{"line":27,"column":null}},"type":"binary-expr","locations":[{"start":{"line":27,"column":16},"end":{"line":27,"column":28}},{"start":{"line":27,"column":28},"end":{"line":27,"column":null}}],"line":27},"4":{"loc":{"start":{"line":28,"column":16},"end":{"line":28,"column":null}},"type":"binary-expr","locations":[{"start":{"line":28,"column":16},"end":{"line":28,"column":28}},{"start":{"line":28,"column":28},"end":{"line":28,"column":null}}],"line":28},"5":{"loc":{"start":{"line":29,"column":19},"end":{"line":29,"column":null}},"type":"binary-expr","locations":[{"start":{"line":29,"column":19},"end":{"line":29,"column":34}},{"start":{"line":29,"column":34},"end":{"line":29,"column":43}},{"start":{"line":29,"column":43},"end":{"line":29,"column":null}}],"line":29},"6":{"loc":{"start":{"line":30,"column":23},"end":{"line":30,"column":36}},"type":"binary-expr","locations":[{"start":{"line":30,"column":23},"end":{"line":30,"column":35}},{"start":{"line":30,"column":35},"end":{"line":30,"column":36}}],"line":30},"7":{"loc":{"start":{"line":31,"column":16},"end":{"line":31,"column":null}},"type":"binary-expr","locations":[{"start":{"line":31,"column":16},"end":{"line":31,"column":28}},{"start":{"line":31,"column":28},"end":{"line":31,"column":null}}],"line":31},"8":{"loc":{"start":{"line":37,"column":4},"end":{"line":37,"column":null}},"type":"if","locations":[{"start":{"line":37,"column":4},"end":{"line":37,"column":null}},{"start":{},"end":{}}],"line":37},"9":{"loc":{"start":{"line":37,"column":8},"end":{"line":37,"column":60}},"type":"binary-expr","locations":[{"start":{"line":37,"column":8},"end":{"line":37,"column":41}},{"start":{"line":37,"column":41},"end":{"line":37,"column":60}}],"line":37},"10":{"loc":{"start":{"line":38,"column":18},"end":{"line":40,"column":null}},"type":"cond-expr","locations":[{"start":{"line":39,"column":10},"end":{"line":39,"column":null}},{"start":{"line":40,"column":10},"end":{"line":40,"column":null}}],"line":38},"11":{"loc":{"start":{"line":45,"column":29},"end":{"line":45,"column":62}},"type":"binary-expr","locations":[{"start":{"line":45,"column":29},"end":{"line":45,"column":48}},{"start":{"line":45,"column":48},"end":{"line":45,"column":62}}],"line":45},"12":{"loc":{"start":{"line":79,"column":11},"end":{"line":79,"column":null}},"type":"cond-expr","locations":[{"start":{"line":79,"column":24},"end":{"line":79,"column":77}},{"start":{"line":79,"column":77},"end":{"line":79,"column":null}}],"line":79},"13":{"loc":{"start":{"line":79,"column":51},"end":{"line":79,"column":68}},"type":"binary-expr","locations":[{"start":{"line":79,"column":51},"end":{"line":79,"column":67}},{"start":{"line":79,"column":67},"end":{"line":79,"column":68}}],"line":79},"14":{"loc":{"start":{"line":85,"column":44},"end":{"line":85,"column":70}},"type":"binary-expr","locations":[{"start":{"line":85,"column":44},"end":{"line":85,"column":61}},{"start":{"line":85,"column":61},"end":{"line":85,"column":70}}],"line":85},"15":{"loc":{"start":{"line":88,"column":38},"end":{"line":88,"column":64}},"type":"binary-expr","locations":[{"start":{"line":88,"column":38},"end":{"line":88,"column":55}},{"start":{"line":88,"column":55},"end":{"line":88,"column":64}}],"line":88},"16":{"loc":{"start":{"line":101,"column":8},"end":{"line":101,"column":null}},"type":"if","locations":[{"start":{"line":101,"column":8},"end":{"line":101,"column":null}},{"start":{},"end":{}}],"line":101},"17":{"loc":{"start":{"line":104,"column":8},"end":{"line":107,"column":null}},"type":"if","locations":[{"start":{"line":104,"column":8},"end":{"line":107,"column":null}},{"start":{},"end":{}}],"line":104},"18":{"loc":{"start":{"line":115,"column":8},"end":{"line":115,"column":null}},"type":"if","locations":[{"start":{"line":115,"column":8},"end":{"line":115,"column":null}},{"start":{},"end":{}}],"line":115},"19":{"loc":{"start":{"line":128,"column":12},"end":{"line":131,"column":null}},"type":"if","locations":[{"start":{"line":128,"column":12},"end":{"line":131,"column":null}},{"start":{},"end":{}}],"line":128},"20":{"loc":{"start":{"line":128,"column":16},"end":{"line":128,"column":69}},"type":"binary-expr","locations":[{"start":{"line":128,"column":16},"end":{"line":128,"column":34}},{"start":{"line":128,"column":34},"end":{"line":128,"column":69}}],"line":128},"21":{"loc":{"start":{"line":151,"column":23},"end":{"line":151,"column":39}},"type":"binary-expr","locations":[{"start":{"line":151,"column":23},"end":{"line":151,"column":31}},{"start":{"line":151,"column":31},"end":{"line":151,"column":39}}],"line":151},"22":{"loc":{"start":{"line":153,"column":21},"end":{"line":153,"column":null}},"type":"binary-expr","locations":[{"start":{"line":153,"column":21},"end":{"line":153,"column":33}},{"start":{"line":153,"column":33},"end":{"line":153,"column":null}}],"line":153},"23":{"loc":{"start":{"line":160,"column":36},"end":{"line":160,"column":null}},"type":"cond-expr","locations":[{"start":{"line":160,"column":59},"end":{"line":160,"column":70}},{"start":{"line":160,"column":70},"end":{"line":160,"column":null}}],"line":160},"24":{"loc":{"start":{"line":217,"column":31},"end":{"line":217,"column":40}},"type":"binary-expr","locations":[{"start":{"line":217,"column":31},"end":{"line":217,"column":36}},{"start":{"line":217,"column":36},"end":{"line":217,"column":40}}],"line":217},"25":{"loc":{"start":{"line":218,"column":15},"end":{"line":218,"column":null}},"type":"cond-expr","locations":[{"start":{"line":218,"column":36},"end":{"line":218,"column":42}},{"start":{"line":218,"column":42},"end":{"line":218,"column":null}}],"line":218},"26":{"loc":{"start":{"line":275,"column":20},"end":{"line":277,"column":null}},"type":"binary-expr","locations":[{"start":{"line":275,"column":20},"end":{"line":275,"column":null}},{"start":{"line":276,"column":20},"end":{"line":276,"column":null}},{"start":{"line":277,"column":20},"end":{"line":277,"column":null}}],"line":275},"27":{"loc":{"start":{"line":283,"column":8},"end":{"line":283,"column":null}},"type":"if","locations":[{"start":{"line":283,"column":8},"end":{"line":283,"column":null}},{"start":{},"end":{}}],"line":283},"28":{"loc":{"start":{"line":320,"column":41},"end":{"line":320,"column":56}},"type":"binary-expr","locations":[{"start":{"line":320,"column":41},"end":{"line":320,"column":53}},{"start":{"line":320,"column":53},"end":{"line":320,"column":56}}],"line":320},"29":{"loc":{"start":{"line":321,"column":41},"end":{"line":321,"column":56}},"type":"binary-expr","locations":[{"start":{"line":321,"column":41},"end":{"line":321,"column":53}},{"start":{"line":321,"column":53},"end":{"line":321,"column":56}}],"line":321},"30":{"loc":{"start":{"line":322,"column":41},"end":{"line":322,"column":59}},"type":"binary-expr","locations":[{"start":{"line":322,"column":41},"end":{"line":322,"column":56}},{"start":{"line":322,"column":56},"end":{"line":322,"column":59}}],"line":322},"31":{"loc":{"start":{"line":325,"column":41},"end":{"line":337,"column":null}},"type":"cond-expr","locations":[{"start":{"line":326,"column":44},"end":{"line":335,"column":null}},{"start":{"line":337,"column":44},"end":{"line":337,"column":null}}],"line":325},"32":{"loc":{"start":{"line":352,"column":29},"end":{"line":357,"column":null}},"type":"binary-expr","locations":[{"start":{"line":352,"column":29},"end":{"line":352,"column":null}},{"start":{"line":353,"column":32},"end":{"line":357,"column":null}}],"line":352},"33":{"loc":{"start":{"line":380,"column":19},"end":{"line":380,"column":null}},"type":"cond-expr","locations":[{"start":{"line":380,"column":26},"end":{"line":380,"column":79}},{"start":{"line":380,"column":79},"end":{"line":380,"column":null}}],"line":380},"34":{"loc":{"start":{"line":383,"column":8},"end":{"line":390,"column":null}},"type":"binary-expr","locations":[{"start":{"line":383,"column":8},"end":{"line":383,"column":18}},{"start":{"line":383,"column":18},"end":{"line":390,"column":null}}],"line":383},"35":{"loc":{"start":{"line":394,"column":8},"end":{"line":396,"column":null}},"type":"if","locations":[{"start":{"line":394,"column":8},"end":{"line":396,"column":null}},{"start":{},"end":{}}],"line":394},"36":{"loc":{"start":{"line":394,"column":12},"end":{"line":394,"column":29}},"type":"binary-expr","locations":[{"start":{"line":394,"column":12},"end":{"line":394,"column":20}},{"start":{"line":394,"column":20},"end":{"line":394,"column":29}}],"line":394},"37":{"loc":{"start":{"line":403,"column":16},"end":{"line":403,"column":null}},"type":"cond-expr","locations":[{"start":{"line":403,"column":23},"end":{"line":403,"column":41}},{"start":{"line":403,"column":41},"end":{"line":403,"column":null}}],"line":403},"38":{"loc":{"start":{"line":404,"column":27},"end":{"line":404,"column":43}},"type":"binary-expr","locations":[{"start":{"line":404,"column":27},"end":{"line":404,"column":42}},{"start":{"line":404,"column":42},"end":{"line":404,"column":43}}],"line":404},"39":{"loc":{"start":{"line":406,"column":8},"end":{"line":409,"column":null}},"type":"if","locations":[{"start":{"line":406,"column":8},"end":{"line":409,"column":null}},{"start":{},"end":{}}],"line":406},"40":{"loc":{"start":{"line":406,"column":12},"end":{"line":406,"column":61}},"type":"binary-expr","locations":[{"start":{"line":406,"column":12},"end":{"line":406,"column":28}},{"start":{"line":406,"column":28},"end":{"line":406,"column":44}},{"start":{"line":406,"column":44},"end":{"line":406,"column":61}}],"line":406},"41":{"loc":{"start":{"line":412,"column":12},"end":{"line":416,"column":null}},"type":"if","locations":[{"start":{"line":412,"column":12},"end":{"line":416,"column":null}},{"start":{},"end":{}}],"line":412},"42":{"loc":{"start":{"line":425,"column":37},"end":{"line":425,"column":81}},"type":"cond-expr","locations":[{"start":{"line":425,"column":44},"end":{"line":425,"column":64}},{"start":{"line":425,"column":64},"end":{"line":425,"column":81}}],"line":425},"43":{"loc":{"start":{"line":506,"column":20},"end":{"line":508,"column":null}},"type":"binary-expr","locations":[{"start":{"line":506,"column":20},"end":{"line":506,"column":null}},{"start":{"line":507,"column":20},"end":{"line":507,"column":null}},{"start":{"line":508,"column":20},"end":{"line":508,"column":null}}],"line":506},"44":{"loc":{"start":{"line":514,"column":8},"end":{"line":514,"column":null}},"type":"if","locations":[{"start":{"line":514,"column":8},"end":{"line":514,"column":null}},{"start":{},"end":{}}],"line":514},"45":{"loc":{"start":{"line":549,"column":41},"end":{"line":549,"column":56}},"type":"binary-expr","locations":[{"start":{"line":549,"column":41},"end":{"line":549,"column":53}},{"start":{"line":549,"column":53},"end":{"line":549,"column":56}}],"line":549},"46":{"loc":{"start":{"line":550,"column":41},"end":{"line":550,"column":55}},"type":"binary-expr","locations":[{"start":{"line":550,"column":41},"end":{"line":550,"column":52}},{"start":{"line":550,"column":52},"end":{"line":550,"column":55}}],"line":550},"47":{"loc":{"start":{"line":552,"column":75},"end":{"line":552,"column":94}},"type":"binary-expr","locations":[{"start":{"line":552,"column":75},"end":{"line":552,"column":84}},{"start":{"line":552,"column":84},"end":{"line":552,"column":94}}],"line":552},"48":{"loc":{"start":{"line":566,"column":29},"end":{"line":571,"column":null}},"type":"binary-expr","locations":[{"start":{"line":566,"column":29},"end":{"line":566,"column":null}},{"start":{"line":567,"column":32},"end":{"line":571,"column":null}}],"line":566},"49":{"loc":{"start":{"line":583,"column":19},"end":{"line":583,"column":null}},"type":"cond-expr","locations":[{"start":{"line":583,"column":26},"end":{"line":583,"column":78}},{"start":{"line":583,"column":78},"end":{"line":583,"column":null}}],"line":583},"50":{"loc":{"start":{"line":586,"column":8},"end":{"line":591,"column":null}},"type":"binary-expr","locations":[{"start":{"line":586,"column":8},"end":{"line":586,"column":18}},{"start":{"line":586,"column":18},"end":{"line":591,"column":null}}],"line":586},"51":{"loc":{"start":{"line":595,"column":8},"end":{"line":597,"column":null}},"type":"if","locations":[{"start":{"line":595,"column":8},"end":{"line":597,"column":null}},{"start":{},"end":{}}],"line":595},"52":{"loc":{"start":{"line":595,"column":12},"end":{"line":595,"column":29}},"type":"binary-expr","locations":[{"start":{"line":595,"column":12},"end":{"line":595,"column":20}},{"start":{"line":595,"column":20},"end":{"line":595,"column":29}}],"line":595},"53":{"loc":{"start":{"line":604,"column":16},"end":{"line":604,"column":null}},"type":"cond-expr","locations":[{"start":{"line":604,"column":23},"end":{"line":604,"column":41}},{"start":{"line":604,"column":41},"end":{"line":604,"column":null}}],"line":604},"54":{"loc":{"start":{"line":606,"column":8},"end":{"line":609,"column":null}},"type":"if","locations":[{"start":{"line":606,"column":8},"end":{"line":609,"column":null}},{"start":{},"end":{}}],"line":606},"55":{"loc":{"start":{"line":606,"column":12},"end":{"line":606,"column":41}},"type":"binary-expr","locations":[{"start":{"line":606,"column":12},"end":{"line":606,"column":28}},{"start":{"line":606,"column":28},"end":{"line":606,"column":41}}],"line":606},"56":{"loc":{"start":{"line":612,"column":12},"end":{"line":616,"column":null}},"type":"if","locations":[{"start":{"line":612,"column":12},"end":{"line":616,"column":null}},{"start":{},"end":{}}],"line":612},"57":{"loc":{"start":{"line":625,"column":37},"end":{"line":625,"column":79}},"type":"cond-expr","locations":[{"start":{"line":625,"column":44},"end":{"line":625,"column":63}},{"start":{"line":625,"column":63},"end":{"line":625,"column":79}}],"line":625},"58":{"loc":{"start":{"line":675,"column":4},"end":{"line":677,"column":null}},"type":"if","locations":[{"start":{"line":675,"column":4},"end":{"line":677,"column":null}},{"start":{},"end":{}}],"line":675},"59":{"loc":{"start":{"line":679,"column":4},"end":{"line":683,"column":null}},"type":"if","locations":[{"start":{"line":679,"column":4},"end":{"line":683,"column":null}},{"start":{},"end":{}}],"line":679},"60":{"loc":{"start":{"line":680,"column":8},"end":{"line":680,"column":null}},"type":"if","locations":[{"start":{"line":680,"column":8},"end":{"line":680,"column":null}},{"start":{},"end":{}}],"line":680},"61":{"loc":{"start":{"line":681,"column":8},"end":{"line":681,"column":null}},"type":"if","locations":[{"start":{"line":681,"column":8},"end":{"line":681,"column":null}},{"start":{},"end":{}}],"line":681},"62":{"loc":{"start":{"line":682,"column":8},"end":{"line":682,"column":null}},"type":"if","locations":[{"start":{"line":682,"column":8},"end":{"line":682,"column":null}},{"start":{},"end":{}}],"line":682},"63":{"loc":{"start":{"line":685,"column":4},"end":{"line":689,"column":null}},"type":"if","locations":[{"start":{"line":685,"column":4},"end":{"line":689,"column":null}},{"start":{},"end":{}}],"line":685},"64":{"loc":{"start":{"line":686,"column":8},"end":{"line":686,"column":null}},"type":"if","locations":[{"start":{"line":686,"column":8},"end":{"line":686,"column":null}},{"start":{},"end":{}}],"line":686},"65":{"loc":{"start":{"line":687,"column":8},"end":{"line":687,"column":null}},"type":"if","locations":[{"start":{"line":687,"column":8},"end":{"line":687,"column":null}},{"start":{},"end":{}}],"line":687},"66":{"loc":{"start":{"line":688,"column":8},"end":{"line":688,"column":null}},"type":"if","locations":[{"start":{"line":688,"column":8},"end":{"line":688,"column":null}},{"start":{},"end":{}}],"line":688}},"s":{"0":1,"1":1,"2":1,"3":3,"4":2,"5":1,"6":1,"7":1,"8":1,"9":1,"10":0,"11":0,"12":0,"13":3,"14":3,"15":0,"16":3,"17":3,"18":3,"19":0,"20":1,"21":0,"22":0,"23":3,"24":2,"25":3,"26":2,"27":1,"28":2,"29":2,"30":2,"31":3,"32":2,"33":3,"34":2,"35":2,"36":1,"37":1,"38":1,"39":0,"40":0,"41":1,"42":1,"43":1,"44":3,"45":2,"46":2,"47":1,"48":1,"49":1,"50":1,"51":3,"52":2,"53":2,"54":2,"55":0,"56":0,"57":2,"58":2,"59":2,"60":2,"61":3,"62":2,"63":3,"64":2,"65":3,"66":3,"67":3,"68":3,"69":15,"70":3,"71":4,"72":4,"73":4,"74":0,"75":2,"76":1,"77":1,"78":1,"79":1,"80":3,"81":2,"82":1,"83":0,"84":0,"85":0,"86":0,"87":0,"88":1,"89":0,"90":3,"91":0,"92":0,"93":0,"94":0,"95":0,"96":0,"97":0,"98":0,"99":0,"100":0,"101":0,"102":0,"103":0,"104":0,"105":0,"106":0,"107":0,"108":0,"109":0,"110":0,"111":0,"112":0,"113":0,"114":0,"115":0,"116":0,"117":0,"118":0,"119":0,"120":0,"121":0,"122":0,"123":0,"124":0,"125":0,"126":0,"127":0,"128":0,"129":0,"130":0,"131":0,"132":0,"133":0,"134":0,"135":0,"136":0,"137":0,"138":0,"139":0,"140":0,"141":0,"142":0,"143":0,"144":0,"145":0,"146":0,"147":0,"148":0,"149":0,"150":0,"151":0,"152":0,"153":0,"154":0,"155":0,"156":0,"157":0,"158":0,"159":0,"160":0,"161":0,"162":0,"163":0,"164":3,"165":3,"166":2,"167":1,"168":1,"169":1,"170":0,"171":0,"172":0,"173":0,"174":0,"175":0,"176":0,"177":0,"178":0,"179":0,"180":0,"181":0},"f":{"0":3,"1":2,"2":0,"3":3,"4":0,"5":1,"6":0,"7":0,"8":3,"9":2,"10":2,"11":1,"12":2,"13":2,"14":2,"15":2,"16":2,"17":2,"18":2,"19":2,"20":2,"21":3,"22":15,"23":4,"24":2,"25":1,"26":1,"27":3,"28":2,"29":0,"30":0,"31":0,"32":0,"33":3,"34":0,"35":0,"36":0,"37":0,"38":0,"39":0,"40":0,"41":0,"42":0,"43":0,"44":0,"45":0,"46":0,"47":0,"48":0,"49":0,"50":0,"51":0,"52":0,"53":0,"54":0,"55":0,"56":0,"57":0,"58":0,"59":0,"60":0,"61":0,"62":0,"63":0,"64":0,"65":0,"66":3},"b":{"0":[3,0],"1":[1,1],"2":[0,0],"3":[0,0],"4":[0,0],"5":[0,0,0],"6":[0,0],"7":[0,0],"8":[3,0],"9":[3,3],"10":[0,0],"11":[0,0],"12":[0,0],"13":[0,0],"14":[2,2],"15":[1,0],"16":[1,1],"17":[0,1],"18":[1,1],"19":[0,2],"20":[2,0],"21":[3,0],"22":[3,0],"23":[3,12],"24":[4,2],"25":[4,0],"26":[3,0,0],"27":[0,0],"28":[3,0],"29":[3,0],"30":[3,0],"31":[3,0],"32":[1,0],"33":[0,0],"34":[0,0],"35":[0,0],"36":[0,0],"37":[0,0],"38":[0,0],"39":[0,0],"40":[0,0,0],"41":[0,0],"42":[0,0],"43":[0,0,0],"44":[0,0],"45":[0,0],"46":[0,0],"47":[0,0],"48":[0,0],"49":[0,0],"50":[0,0],"51":[0,0],"52":[0,0],"53":[0,0],"54":[0,0],"55":[0,0],"56":[0,0],"57":[0,0],"58":[2,1],"59":[1,0],"60":[1,0],"61":[0,0],"62":[0,0],"63":[0,0],"64":[0,0],"65":[0,0],"66":[0,0]},"meta":{"lastBranch":67,"lastFunction":67,"lastStatement":182,"seen":{"s:4:16:4:Infinity":0,"s:5:16:5:Infinity":1,"s:6:15:11:Infinity":2,"f:6:15:6:16":0,"s:7:4:11:Infinity":3,"b:7:11:7:16:7:16:7:17":0,"f:14:9:14:28":1,"b:15:4:15:Infinity:undefined:undefined:undefined:undefined":1,"s:15:4:15:Infinity":4,"s:15:68:15:Infinity":5,"s:16:15:16:Infinity":6,"s:17:4:17:Infinity":7,"s:18:4:18:Infinity":8,"s:19:4:19:Infinity":9,"f:23:9:23:19":2,"b:24:4:24:Infinity:undefined:undefined:undefined:undefined":2,"s:24:4:24:Infinity":10,"s:24:12:24:Infinity":11,"s:25:4:32:Infinity":12,"b:27:16:27:28:27:28:27:Infinity":3,"b:28:16:28:28:28:28:28:Infinity":4,"b:29:19:29:34:29:34:29:43:29:43:29:Infinity":5,"b:30:23:30:35:30:35:30:36":6,"b:31:16:31:28:31:28:31:Infinity":7,"f:36:9:36:31":3,"b:37:4:37:Infinity:undefined:undefined:undefined:undefined":8,"s:37:4:37:Infinity":13,"b:37:8:37:41:37:41:37:60":9,"s:37:60:37:Infinity":14,"s:38:18:40:Infinity":15,"b:39:10:39:Infinity:40:10:40:Infinity":10,"s:41:16:41:Infinity":16,"s:44:17:44:Infinity":17,"s:45:4:45:Infinity":18,"f:45:22:45:23":4,"s:45:29:45:62":19,"b:45:29:45:48:45:48:45:62":11,"f:49:9:49:25":5,"s:50:4:75:Infinity":20,"f:78:9:78:16":6,"s:79:4:79:Infinity":21,"b:79:24:79:77:79:77:79:Infinity":12,"f:79:44:79:45":7,"s:79:51:79:68":22,"b:79:51:79:67:79:67:79:68":13,"f:83:24:83:32":8,"s:85:24:85:Infinity":23,"f:85:37:85:44":9,"s:85:37:85:78":24,"b:85:44:85:61:85:61:85:70":14,"s:87:4:91:Infinity":25,"f:87:14:87:20":10,"s:88:23:88:Infinity":26,"f:88:23:88:29":11,"s:88:29:88:Infinity":27,"b:88:38:88:55:88:55:88:64":15,"s:89:8:89:Infinity":28,"s:90:8:90:Infinity":29,"f:90:15:90:21":12,"s:90:21:90:Infinity":30,"s:94:4:96:Infinity":31,"f:94:14:94:20":13,"s:95:8:95:Infinity":32,"s:99:34:111:Infinity":33,"f:99:47:99:53":14,"s:100:23:100:Infinity":34,"b:101:8:101:Infinity:undefined:undefined:undefined:undefined":16,"s:101:8:101:Infinity":35,"s:101:27:101:Infinity":36,"s:103:24:103:Infinity":37,"b:104:8:107:Infinity:undefined:undefined:undefined:undefined":17,"s:104:8:107:Infinity":38,"s:105:12:105:Infinity":39,"s:106:12:106:Infinity":40,"s:108:21:108:Infinity":41,"s:109:8:109:Infinity":42,"s:110:8:110:Infinity":43,"s:113:32:122:Infinity":44,"f:113:45:113:51":15,"s:114:23:114:Infinity":45,"b:115:8:115:Infinity:undefined:undefined:undefined:undefined":18,"s:115:8:115:Infinity":46,"s:115:27:115:Infinity":47,"s:116:21:119:Infinity":48,"s:120:8:120:Infinity":49,"s:121:8:121:Infinity":50,"s:125:4:138:Infinity":51,"f:125:14:125:20":16,"s:126:27:132:Infinity":52,"f:126:27:126:33":17,"s:127:28:127:Infinity":53,"b:128:12:131:Infinity:undefined:undefined:undefined:undefined":19,"s:128:12:131:Infinity":54,"b:128:16:128:34:128:34:128:69":20,"s:129:16:129:Infinity":55,"s:130:16:130:Infinity":56,"s:135:8:135:Infinity":57,"s:136:18:136:Infinity":58,"s:137:8:137:Infinity":59,"f:137:15:137:21":18,"s:137:21:137:Infinity":60,"s:141:4:143:Infinity":61,"f:141:14:141:20":19,"s:142:8:142:Infinity":62,"s:145:4:147:Infinity":63,"f:145:14:145:20":20,"s:146:8:146:Infinity":64,"s:150:10:157:Infinity":65,"f:150:26:150:32":21,"s:151:14:151:Infinity":66,"b:151:23:151:31:151:31:151:39":21,"s:152:8:156:Infinity":67,"b:153:21:153:33:153:33:153:Infinity":22,"s:160:24:160:Infinity":68,"f:160:24:160:25":22,"s:160:36:160:Infinity":69,"b:160:59:160:70:160:70:160:Infinity":23,"s:163:4:210:Infinity":70,"f:215:9:215:18":23,"s:216:4:221:Infinity":71,"s:217:20:217:Infinity":72,"b:217:31:217:36:217:36:217:40":24,"s:218:8:218:Infinity":73,"b:218:36:218:42:218:42:218:Infinity":25,"s:220:8:220:Infinity":74,"f:225:9:225:18":24,"s:226:4:262:Infinity":75,"f:267:9:267:25":25,"s:268:18:268:Infinity":76,"s:270:10:280:Infinity":77,"f:270:25:270:31":26,"s:271:18:271:Infinity":78,"s:272:8:279:Infinity":79,"f:274:16:274:17":27,"s:275:20:277:Infinity":80,"b:275:20:275:Infinity:276:20:276:Infinity:277:20:277:Infinity":26,"f:279:18:279:19":28,"s:279:28:279:39":81,"s:282:16:285:Infinity":82,"f:282:16:282:17":29,"b:283:8:283:Infinity:undefined:undefined:undefined:undefined":27,"s:283:8:283:Infinity":83,"s:283:50:283:Infinity":84,"s:284:8:284:Infinity":85,"f:284:21:284:22":30,"s:284:31:284:62":86,"f:284:43:284:44":31,"s:284:50:284:61":87,"s:287:4:363:Infinity":88,"f:296:34:296:35":32,"s:296:41:296:Infinity":89,"f:317:38:317:39":33,"s:318:32:350:Infinity":90,"b:320:41:320:53:320:53:320:56":28,"b:321:41:321:53:321:53:321:56":29,"b:322:41:322:56:322:56:322:59":30,"b:326:44:335:Infinity:337:44:337:Infinity":31,"f:345:96:345:102":34,"s:345:102:345:113":91,"b:352:29:352:Infinity:353:32:357:Infinity":32,"f:367:9:367:22":35,"s:368:27:377:Infinity":92,"s:379:17:379:Infinity":93,"s:380:19:380:Infinity":94,"b:380:26:380:79:380:79:380:Infinity":33,"f:380:41:380:42":36,"s:380:48:380:75":95,"s:382:24:391:Infinity":96,"b:383:8:383:18:383:18:390:Infinity":34,"s:393:4:397:Infinity":97,"f:393:14:393:20":37,"b:394:8:396:Infinity:undefined:undefined:undefined:undefined":35,"s:394:8:396:Infinity":98,"b:394:12:394:20:394:20:394:29":36,"s:395:12:395:Infinity":99,"s:399:21:420:Infinity":100,"f:399:21:399:22":38,"s:400:8:400:Infinity":101,"s:401:21:405:Infinity":102,"b:403:23:403:41:403:41:403:Infinity":37,"b:404:27:404:42:404:42:404:43":38,"b:406:8:409:Infinity:undefined:undefined:undefined:undefined":39,"s:406:8:409:Infinity":103,"b:406:12:406:28:406:28:406:44:406:44:406:61":40,"s:407:12:407:Infinity":104,"s:408:12:408:Infinity":105,"s:410:8:418:Infinity":106,"f:410:21:410:22":39,"s:411:24:411:Infinity":107,"f:411:39:411:40":40,"s:411:46:411:78":108,"b:412:12:416:Infinity:undefined:undefined:undefined:undefined":41,"s:412:12:416:Infinity":109,"s:413:29:413:Infinity":110,"s:414:16:414:Infinity":111,"s:415:16:415:Infinity":112,"s:417:12:417:Infinity":113,"s:419:8:419:Infinity":114,"s:422:4:493:Infinity":115,"b:425:44:425:64:425:64:425:81":42,"f:439:38:439:39":41,"s:439:45:439:Infinity":116,"f:448:38:448:39":42,"s:448:45:448:Infinity":117,"f:457:38:457:39":43,"s:457:45:457:Infinity":118,"f:460:48:460:49":44,"s:461:32:461:Infinity":119,"f:474:38:474:39":45,"s:474:45:474:Infinity":120,"f:483:38:483:39":46,"s:483:45:483:Infinity":121,"f:498:9:498:24":47,"s:499:18:499:Infinity":122,"s:501:10:511:Infinity":123,"f:501:25:501:31":48,"s:502:18:502:Infinity":124,"s:503:8:510:Infinity":125,"f:505:16:505:17":49,"s:506:20:508:Infinity":126,"b:506:20:506:Infinity:507:20:507:Infinity:508:20:508:Infinity":43,"f:510:18:510:19":50,"s:510:28:510:39":127,"s:513:16:516:Infinity":128,"f:513:16:513:17":51,"b:514:8:514:Infinity:undefined:undefined:undefined:undefined":44,"s:514:8:514:Infinity":129,"s:514:49:514:Infinity":130,"s:515:8:515:Infinity":131,"f:515:20:515:21":52,"s:515:30:515:61":132,"f:515:42:515:43":53,"s:515:49:515:60":133,"s:518:4:577:Infinity":134,"f:527:34:527:35":54,"s:527:41:527:Infinity":135,"f:546:38:546:39":55,"s:547:32:564:Infinity":136,"b:549:41:549:53:549:53:549:56":45,"b:550:41:550:52:550:52:550:55":46,"b:552:75:552:84:552:84:552:94":47,"f:559:96:559:102":56,"s:559:102:559:113":137,"b:566:29:566:Infinity:567:32:571:Infinity":48,"f:581:9:581:21":57,"s:582:17:582:Infinity":138,"s:583:19:583:Infinity":139,"b:583:26:583:78:583:78:583:Infinity":49,"f:583:40:583:41":58,"s:583:47:583:74":140,"s:585:24:592:Infinity":141,"b:586:8:586:18:586:18:591:Infinity":50,"s:594:4:598:Infinity":142,"f:594:14:594:20":59,"b:595:8:597:Infinity:undefined:undefined:undefined:undefined":51,"s:595:8:597:Infinity":143,"b:595:12:595:20:595:20:595:29":52,"s:596:12:596:Infinity":144,"s:600:21:620:Infinity":145,"f:600:21:600:22":60,"s:601:8:601:Infinity":146,"s:602:21:605:Infinity":147,"b:604:23:604:41:604:41:604:Infinity":53,"b:606:8:609:Infinity:undefined:undefined:undefined:undefined":54,"s:606:8:609:Infinity":148,"b:606:12:606:28:606:28:606:41":55,"s:607:12:607:Infinity":149,"s:608:12:608:Infinity":150,"s:610:8:618:Infinity":151,"f:610:20:610:21":61,"s:611:24:611:Infinity":152,"f:611:39:611:40":62,"s:611:46:611:78":153,"b:612:12:616:Infinity:undefined:undefined:undefined:undefined":56,"s:612:12:616:Infinity":154,"s:613:29:613:Infinity":155,"s:614:16:614:Infinity":156,"s:615:16:615:Infinity":157,"s:617:12:617:Infinity":158,"s:619:8:619:Infinity":159,"s:622:4:667:Infinity":160,"b:625:44:625:63:625:63:625:79":57,"f:639:38:639:39":63,"s:639:45:639:Infinity":161,"f:649:38:649:39":64,"s:649:45:649:Infinity":162,"f:657:38:657:39":65,"s:657:45:657:Infinity":163,"f:672:9:672:21":66,"s:673:36:673:Infinity":164,"b:675:4:677:Infinity:undefined:undefined:undefined:undefined":58,"s:675:4:677:Infinity":165,"s:676:8:676:Infinity":166,"b:679:4:683:Infinity:undefined:undefined:undefined:undefined":59,"s:679:4:683:Infinity":167,"b:680:8:680:Infinity:undefined:undefined:undefined:undefined":60,"s:680:8:680:Infinity":168,"s:680:33:680:Infinity":169,"b:681:8:681:Infinity:undefined:undefined:undefined:undefined":61,"s:681:8:681:Infinity":170,"s:681:32:681:Infinity":171,"b:682:8:682:Infinity:undefined:undefined:undefined:undefined":62,"s:682:8:682:Infinity":172,"s:682:33:682:Infinity":173,"b:685:4:689:Infinity:undefined:undefined:undefined:undefined":63,"s:685:4:689:Infinity":174,"b:686:8:686:Infinity:undefined:undefined:undefined:undefined":64,"s:686:8:686:Infinity":175,"s:686:33:686:Infinity":176,"b:687:8:687:Infinity:undefined:undefined:undefined:undefined":65,"s:687:8:687:Infinity":177,"s:687:32:687:Infinity":178,"b:688:8:688:Infinity:undefined:undefined:undefined:undefined":66,"s:688:8:688:Infinity":179,"s:688:33:688:Infinity":180,"s:691:4:691:Infinity":181}}}
,"C:\\Users\\dazap\\OneDrive\\Escritorio\\pasteleria-react-vite-main\\src\\pages\\Blog.jsx": {"path":"C:\\Users\\dazap\\OneDrive\\Escritorio\\pasteleria-react-vite-main\\src\\pages\\Blog.jsx","statementMap":{"0":{"start":{"line":4,"column":32},"end":{"line":4,"column":null}},"1":{"start":{"line":5,"column":46},"end":{"line":5,"column":null}},"2":{"start":{"line":7,"column":22},"end":{"line":74,"column":null}},"3":{"start":{"line":76,"column":23},"end":{"line":76,"column":null}},"4":{"start":{"line":78,"column":10},"end":{"line":90,"column":null}},"5":{"start":{"line":79,"column":8},"end":{"line":89,"column":null}},"6":{"start":{"line":81,"column":16},"end":{"line":81,"column":null}},"7":{"start":{"line":83,"column":16},"end":{"line":87,"column":null}},"8":{"start":{"line":88,"column":12},"end":{"line":88,"column":null}},"9":{"start":{"line":92,"column":4},"end":{"line":175,"column":null}},"10":{"start":{"line":106,"column":37},"end":{"line":106,"column":null}},"11":{"start":{"line":115,"column":41},"end":{"line":115,"column":null}},"12":{"start":{"line":120,"column":39},"end":{"line":120,"column":null}},"13":{"start":{"line":131,"column":24},"end":{"line":138,"column":null}},"14":{"start":{"line":135,"column":43},"end":{"line":135,"column":null}},"15":{"start":{"line":150,"column":24},"end":{"line":171,"column":null}}},"fnMap":{"0":{"name":"Blog","decl":{"start":{"line":3,"column":9},"end":{"line":3,"column":16}},"loc":{"start":{"line":3,"column":16},"end":{"line":177,"column":null}},"line":3},"1":{"name":"(anonymous_1)","decl":{"start":{"line":78,"column":30},"end":{"line":78,"column":36}},"loc":{"start":{"line":78,"column":36},"end":{"line":90,"column":7}},"line":78},"2":{"name":"(anonymous_2)","decl":{"start":{"line":79,"column":32},"end":{"line":79,"column":33}},"loc":{"start":{"line":79,"column":41},"end":{"line":89,"column":9}},"line":79},"3":{"name":"(anonymous_3)","decl":{"start":{"line":106,"column":30},"end":{"line":106,"column":31}},"loc":{"start":{"line":106,"column":37},"end":{"line":106,"column":null}},"line":106},"4":{"name":"(anonymous_4)","decl":{"start":{"line":115,"column":34},"end":{"line":115,"column":35}},"loc":{"start":{"line":115,"column":41},"end":{"line":115,"column":null}},"line":115},"5":{"name":"(anonymous_5)","decl":{"start":{"line":120,"column":33},"end":{"line":120,"column":39}},"loc":{"start":{"line":120,"column":39},"end":{"line":120,"column":null}},"line":120},"6":{"name":"(anonymous_6)","decl":{"start":{"line":130,"column":36},"end":{"line":130,"column":37}},"loc":{"start":{"line":131,"column":24},"end":{"line":138,"column":null}},"line":131},"7":{"name":"(anonymous_7)","decl":{"start":{"line":135,"column":37},"end":{"line":135,"column":43}},"loc":{"start":{"line":135,"column":43},"end":{"line":135,"column":null}},"line":135},"8":{"name":"(anonymous_8)","decl":{"start":{"line":149,"column":35},"end":{"line":149,"column":36}},"loc":{"start":{"line":150,"column":24},"end":{"line":171,"column":null}},"line":150}},"branchMap":{"0":{"loc":{"start":{"line":81,"column":16},"end":{"line":81,"column":null}},"type":"binary-expr","locations":[{"start":{"line":81,"column":16},"end":{"line":81,"column":45}},{"start":{"line":81,"column":45},"end":{"line":81,"column":null}}],"line":81},"1":{"loc":{"start":{"line":83,"column":16},"end":{"line":87,"column":null}},"type":"binary-expr","locations":[{"start":{"line":83,"column":16},"end":{"line":83,"column":null}},{"start":{"line":84,"column":16},"end":{"line":87,"column":null}}],"line":83},"2":{"loc":{"start":{"line":88,"column":19},"end":{"line":88,"column":null}},"type":"binary-expr","locations":[{"start":{"line":88,"column":19},"end":{"line":88,"column":40}},{"start":{"line":88,"column":40},"end":{"line":88,"column":null}}],"line":88},"3":{"loc":{"start":{"line":133,"column":61},"end":{"line":133,"column":null}},"type":"cond-expr","locations":[{"start":{"line":133,"column":87},"end":{"line":133,"column":98}},{"start":{"line":133,"column":98},"end":{"line":133,"column":null}}],"line":133},"4":{"loc":{"start":{"line":137,"column":29},"end":{"line":137,"column":null}},"type":"cond-expr","locations":[{"start":{"line":137,"column":45},"end":{"line":137,"column":55}},{"start":{"line":137,"column":55},"end":{"line":137,"column":null}}],"line":137},"5":{"loc":{"start":{"line":143,"column":13},"end":{"line":173,"column":null}},"type":"cond-expr","locations":[{"start":{"line":144,"column":16},"end":{"line":146,"column":null}},{"start":{"line":148,"column":16},"end":{"line":173,"column":null}}],"line":143}},"s":{"0":3,"1":3,"2":3,"3":3,"4":3,"5":3,"6":18,"7":18,"8":18,"9":3,"10":0,"11":1,"12":0,"13":18,"14":0,"15":14},"f":{"0":3,"1":3,"2":18,"3":0,"4":1,"5":0,"6":18,"7":0,"8":14},"b":{"0":[18,0],"1":[18,6],"2":[18,18],"3":[3,15],"4":[3,15],"5":[0,3]},"meta":{"lastBranch":6,"lastFunction":9,"lastStatement":16,"seen":{"f:3:9:3:16":0,"s:4:32:4:Infinity":0,"s:5:46:5:Infinity":1,"s:7:22:74:Infinity":2,"s:76:23:76:Infinity":3,"s:78:10:90:Infinity":4,"f:78:30:78:36":1,"s:79:8:89:Infinity":5,"f:79:32:79:33":2,"s:81:16:81:Infinity":6,"b:81:16:81:45:81:45:81:Infinity":0,"s:83:16:87:Infinity":7,"b:83:16:83:Infinity:84:16:87:Infinity":1,"s:88:12:88:Infinity":8,"b:88:19:88:40:88:40:88:Infinity":2,"s:92:4:175:Infinity":9,"f:106:30:106:31":3,"s:106:37:106:Infinity":10,"f:115:34:115:35":4,"s:115:41:115:Infinity":11,"f:120:33:120:39":5,"s:120:39:120:Infinity":12,"f:130:36:130:37":6,"s:131:24:138:Infinity":13,"b:133:87:133:98:133:98:133:Infinity":3,"f:135:37:135:43":7,"s:135:43:135:Infinity":14,"b:137:45:137:55:137:55:137:Infinity":4,"b:144:16:146:Infinity:148:16:173:Infinity":5,"f:149:35:149:36":8,"s:150:24:171:Infinity":15}}}
,"C:\\Users\\dazap\\OneDrive\\Escritorio\\pasteleria-react-vite-main\\src\\pages\\Carrito.jsx": {"path":"C:\\Users\\dazap\\OneDrive\\Escritorio\\pasteleria-react-vite-main\\src\\pages\\Carrito.jsx","statementMap":{"0":{"start":{"line":11,"column":26},"end":{"line":11,"column":null}},"1":{"start":{"line":13,"column":4},"end":{"line":15,"column":null}},"2":{"start":{"line":14,"column":8},"end":{"line":14,"column":null}},"3":{"start":{"line":17,"column":18},"end":{"line":17,"column":null}},"4":{"start":{"line":17,"column":44},"end":{"line":17,"column":70}},"5":{"start":{"line":19,"column":18},"end":{"line":22,"column":null}},"6":{"start":{"line":20,"column":8},"end":{"line":20,"column":null}},"7":{"start":{"line":21,"column":8},"end":{"line":21,"column":null}},"8":{"start":{"line":24,"column":21},"end":{"line":27,"column":null}},"9":{"start":{"line":25,"column":8},"end":{"line":25,"column":null}},"10":{"start":{"line":26,"column":8},"end":{"line":26,"column":null}},"11":{"start":{"line":29,"column":19},"end":{"line":32,"column":null}},"12":{"start":{"line":30,"column":8},"end":{"line":30,"column":null}},"13":{"start":{"line":31,"column":8},"end":{"line":31,"column":null}},"14":{"start":{"line":34,"column":4},"end":{"line":100,"column":null}},"15":{"start":{"line":46,"column":28},"end":{"line":84,"column":null}},"16":{"start":{"line":67,"column":57},"end":{"line":67,"column":null}},"17":{"start":{"line":79,"column":55},"end":{"line":79,"column":null}}},"fnMap":{"0":{"name":"Carrito","decl":{"start":{"line":10,"column":9},"end":{"line":10,"column":19}},"loc":{"start":{"line":10,"column":19},"end":{"line":102,"column":null}},"line":10},"1":{"name":"(anonymous_1)","decl":{"start":{"line":13,"column":14},"end":{"line":13,"column":20}},"loc":{"start":{"line":13,"column":20},"end":{"line":15,"column":7}},"line":13},"2":{"name":"(anonymous_2)","decl":{"start":{"line":17,"column":31},"end":{"line":17,"column":32}},"loc":{"start":{"line":17,"column":44},"end":{"line":17,"column":70}},"line":17},"3":{"name":"(anonymous_3)","decl":{"start":{"line":19,"column":18},"end":{"line":19,"column":19}},"loc":{"start":{"line":19,"column":31},"end":{"line":22,"column":null}},"line":19},"4":{"name":"(anonymous_4)","decl":{"start":{"line":24,"column":21},"end":{"line":24,"column":22}},"loc":{"start":{"line":24,"column":29},"end":{"line":27,"column":null}},"line":24},"5":{"name":"(anonymous_5)","decl":{"start":{"line":29,"column":19},"end":{"line":29,"column":25}},"loc":{"start":{"line":29,"column":25},"end":{"line":32,"column":null}},"line":29},"6":{"name":"(anonymous_6)","decl":{"start":{"line":45,"column":35},"end":{"line":45,"column":36}},"loc":{"start":{"line":46,"column":28},"end":{"line":84,"column":null}},"line":46},"7":{"name":"(anonymous_7)","decl":{"start":{"line":67,"column":50},"end":{"line":67,"column":51}},"loc":{"start":{"line":67,"column":57},"end":{"line":67,"column":null}},"line":67},"8":{"name":"(anonymous_8)","decl":{"start":{"line":79,"column":49},"end":{"line":79,"column":55}},"loc":{"start":{"line":79,"column":55},"end":{"line":79,"column":null}},"line":79}},"branchMap":{"0":{"loc":{"start":{"line":38,"column":13},"end":{"line":98,"column":null}},"type":"cond-expr","locations":[{"start":{"line":39,"column":16},"end":{"line":41,"column":null}},{"start":{"line":43,"column":16},"end":{"line":98,"column":null}}],"line":38}},"s":{"0":5,"1":5,"2":2,"3":5,"4":6,"5":5,"6":1,"7":1,"8":5,"9":0,"10":0,"11":5,"12":0,"13":0,"14":5,"15":6,"16":1,"17":0},"f":{"0":5,"1":2,"2":6,"3":1,"4":0,"5":0,"6":6,"7":1,"8":0},"b":{"0":[2,3]},"meta":{"lastBranch":1,"lastFunction":9,"lastStatement":18,"seen":{"f:10:9:10:19":0,"s:11:26:11:Infinity":0,"s:13:4:15:Infinity":1,"f:13:14:13:20":1,"s:14:8:14:Infinity":2,"s:17:18:17:Infinity":3,"f:17:31:17:32":2,"s:17:44:17:70":4,"s:19:18:22:Infinity":5,"f:19:18:19:19":3,"s:20:8:20:Infinity":6,"s:21:8:21:Infinity":7,"s:24:21:27:Infinity":8,"f:24:21:24:22":4,"s:25:8:25:Infinity":9,"s:26:8:26:Infinity":10,"s:29:19:32:Infinity":11,"f:29:19:29:25":5,"s:30:8:30:Infinity":12,"s:31:8:31:Infinity":13,"s:34:4:100:Infinity":14,"b:39:16:41:Infinity:43:16:98:Infinity":0,"f:45:35:45:36":6,"s:46:28:84:Infinity":15,"f:67:50:67:51":7,"s:67:57:67:Infinity":16,"f:79:49:79:55":8,"s:79:55:79:Infinity":17}}}
,"C:\\Users\\dazap\\OneDrive\\Escritorio\\pasteleria-react-vite-main\\src\\pages\\Catalogo.jsx": {"path":"C:\\Users\\dazap\\OneDrive\\Escritorio\\pasteleria-react-vite-main\\src\\pages\\Catalogo.jsx","statementMap":{"0":{"start":{"line":5,"column":26},"end":{"line":5,"column":null}},"1":{"start":{"line":6,"column":34},"end":{"line":6,"column":null}},"2":{"start":{"line":7,"column":36},"end":{"line":7,"column":null}},"3":{"start":{"line":8,"column":28},"end":{"line":8,"column":null}},"4":{"start":{"line":9,"column":36},"end":{"line":9,"column":null}},"5":{"start":{"line":10,"column":10},"end":{"line":10,"column":null}},"6":{"start":{"line":12,"column":4},"end":{"line":23,"column":null}},"7":{"start":{"line":13,"column":25},"end":{"line":13,"column":null}},"8":{"start":{"line":14,"column":8},"end":{"line":17,"column":null}},"9":{"start":{"line":15,"column":12},"end":{"line":15,"column":null}},"10":{"start":{"line":16,"column":12},"end":{"line":16,"column":null}},"11":{"start":{"line":18,"column":19},"end":{"line":18,"column":null}},"12":{"start":{"line":19,"column":8},"end":{"line":19,"column":null}},"13":{"start":{"line":20,"column":8},"end":{"line":20,"column":null}},"14":{"start":{"line":21,"column":8},"end":{"line":21,"column":null}},"15":{"start":{"line":22,"column":8},"end":{"line":22,"column":null}},"16":{"start":{"line":26,"column":22},"end":{"line":26,"column":null}},"17":{"start":{"line":28,"column":29},"end":{"line":34,"column":null}},"18":{"start":{"line":28,"column":47},"end":{"line":34,"column":10}},"19":{"start":{"line":35,"column":8},"end":{"line":35,"column":null}},"20":{"start":{"line":37,"column":21},"end":{"line":39,"column":null}},"21":{"start":{"line":39,"column":50},"end":{"line":39,"column":55}},"22":{"start":{"line":40,"column":8},"end":{"line":40,"column":null}},"23":{"start":{"line":41,"column":8},"end":{"line":41,"column":null}},"24":{"start":{"line":44,"column":10},"end":{"line":47,"column":null}},"25":{"start":{"line":45,"column":8},"end":{"line":45,"column":null}},"26":{"start":{"line":45,"column":30},"end":{"line":45,"column":null}},"27":{"start":{"line":46,"column":8},"end":{"line":46,"column":null}},"28":{"start":{"line":46,"column":39},"end":{"line":46,"column":55}},"29":{"start":{"line":49,"column":23},"end":{"line":54,"column":null}},"30":{"start":{"line":50,"column":8},"end":{"line":54,"column":null}},"31":{"start":{"line":56,"column":20},"end":{"line":61,"column":null}},"32":{"start":{"line":57,"column":8},"end":{"line":57,"column":null}},"33":{"start":{"line":58,"column":8},"end":{"line":58,"column":null}},"34":{"start":{"line":59,"column":8},"end":{"line":59,"column":null}},"35":{"start":{"line":60,"column":8},"end":{"line":60,"column":null}},"36":{"start":{"line":60,"column":44},"end":{"line":60,"column":65}},"37":{"start":{"line":63,"column":4},"end":{"line":63,"column":null}},"38":{"start":{"line":63,"column":20},"end":{"line":63,"column":58}},"39":{"start":{"line":63,"column":26},"end":{"line":63,"column":58}},"40":{"start":{"line":65,"column":4},"end":{"line":71,"column":null}},"41":{"start":{"line":66,"column":8},"end":{"line":69,"column":null}},"42":{"start":{"line":73,"column":4},"end":{"line":134,"column":null}},"43":{"start":{"line":81,"column":24},"end":{"line":87,"column":null}},"44":{"start":{"line":84,"column":43},"end":{"line":84,"column":null}},"45":{"start":{"line":102,"column":20},"end":{"line":131,"column":null}},"46":{"start":{"line":125,"column":51},"end":{"line":125,"column":null}}},"fnMap":{"0":{"name":"Catalogo","decl":{"start":{"line":4,"column":9},"end":{"line":4,"column":20}},"loc":{"start":{"line":4,"column":20},"end":{"line":136,"column":null}},"line":4},"1":{"name":"(anonymous_1)","decl":{"start":{"line":12,"column":14},"end":{"line":12,"column":20}},"loc":{"start":{"line":12,"column":20},"end":{"line":23,"column":7}},"line":12},"2":{"name":"hydrateFromWindow","decl":{"start":{"line":25,"column":13},"end":{"line":25,"column":33}},"loc":{"start":{"line":25,"column":33},"end":{"line":42,"column":null}},"line":25},"3":{"name":"(anonymous_3)","decl":{"start":{"line":28,"column":39},"end":{"line":28,"column":40}},"loc":{"start":{"line":28,"column":47},"end":{"line":34,"column":10}},"line":28},"4":{"name":"(anonymous_4)","decl":{"start":{"line":39,"column":43},"end":{"line":39,"column":44}},"loc":{"start":{"line":39,"column":50},"end":{"line":39,"column":55}},"line":39},"5":{"name":"(anonymous_5)","decl":{"start":{"line":44,"column":39},"end":{"line":44,"column":45}},"loc":{"start":{"line":44,"column":45},"end":{"line":47,"column":7}},"line":44},"6":{"name":"(anonymous_6)","decl":{"start":{"line":46,"column":32},"end":{"line":46,"column":33}},"loc":{"start":{"line":46,"column":39},"end":{"line":46,"column":55}},"line":46},"7":{"name":"(anonymous_7)","decl":{"start":{"line":49,"column":23},"end":{"line":49,"column":24}},"loc":{"start":{"line":50,"column":8},"end":{"line":54,"column":null}},"line":50},"8":{"name":"(anonymous_8)","decl":{"start":{"line":56,"column":20},"end":{"line":56,"column":21}},"loc":{"start":{"line":56,"column":27},"end":{"line":61,"column":null}},"line":56},"9":{"name":"(anonymous_9)","decl":{"start":{"line":60,"column":38},"end":{"line":60,"column":44}},"loc":{"start":{"line":60,"column":44},"end":{"line":60,"column":65}},"line":60},"10":{"name":"(anonymous_10)","decl":{"start":{"line":63,"column":14},"end":{"line":63,"column":20}},"loc":{"start":{"line":63,"column":20},"end":{"line":63,"column":58}},"line":63},"11":{"name":"(anonymous_11)","decl":{"start":{"line":63,"column":20},"end":{"line":63,"column":26}},"loc":{"start":{"line":63,"column":26},"end":{"line":63,"column":58}},"line":63},"12":{"name":"(anonymous_12)","decl":{"start":{"line":80,"column":36},"end":{"line":80,"column":37}},"loc":{"start":{"line":81,"column":24},"end":{"line":87,"column":null}},"line":81},"13":{"name":"(anonymous_13)","decl":{"start":{"line":84,"column":37},"end":{"line":84,"column":43}},"loc":{"start":{"line":84,"column":43},"end":{"line":84,"column":null}},"line":84},"14":{"name":"(anonymous_14)","decl":{"start":{"line":101,"column":40},"end":{"line":101,"column":41}},"loc":{"start":{"line":102,"column":20},"end":{"line":131,"column":null}},"line":102},"15":{"name":"(anonymous_15)","decl":{"start":{"line":125,"column":45},"end":{"line":125,"column":51}},"loc":{"start":{"line":125,"column":51},"end":{"line":125,"column":null}},"line":125}},"branchMap":{"0":{"loc":{"start":{"line":14,"column":8},"end":{"line":17,"column":null}},"type":"if","locations":[{"start":{"line":14,"column":8},"end":{"line":17,"column":null}},{"start":{},"end":{}}],"line":14},"1":{"loc":{"start":{"line":26,"column":22},"end":{"line":26,"column":null}},"type":"cond-expr","locations":[{"start":{"line":26,"column":41},"end":{"line":26,"column":75}},{"start":{"line":26,"column":75},"end":{"line":26,"column":null}}],"line":26},"2":{"loc":{"start":{"line":30,"column":20},"end":{"line":30,"column":null}},"type":"cond-expr","locations":[{"start":{"line":30,"column":48},"end":{"line":30,"column":59}},{"start":{"line":30,"column":59},"end":{"line":30,"column":null}}],"line":30},"3":{"loc":{"start":{"line":30,"column":63},"end":{"line":30,"column":77}},"type":"binary-expr","locations":[{"start":{"line":30,"column":63},"end":{"line":30,"column":75}},{"start":{"line":30,"column":75},"end":{"line":30,"column":77}}],"line":30},"4":{"loc":{"start":{"line":32,"column":16},"end":{"line":33,"column":null}},"type":"binary-expr","locations":[{"start":{"line":32,"column":16},"end":{"line":32,"column":null}},{"start":{"line":33,"column":16},"end":{"line":33,"column":null}}],"line":32},"5":{"loc":{"start":{"line":37,"column":21},"end":{"line":39,"column":null}},"type":"cond-expr","locations":[{"start":{"line":38,"column":14},"end":{"line":38,"column":null}},{"start":{"line":39,"column":14},"end":{"line":39,"column":null}}],"line":37},"6":{"loc":{"start":{"line":45,"column":8},"end":{"line":45,"column":null}},"type":"if","locations":[{"start":{"line":45,"column":8},"end":{"line":45,"column":null}},{"start":{},"end":{}}],"line":45},"7":{"loc":{"start":{"line":65,"column":4},"end":{"line":71,"column":null}},"type":"if","locations":[{"start":{"line":65,"column":4},"end":{"line":71,"column":null}},{"start":{},"end":{}}],"line":65},"8":{"loc":{"start":{"line":83,"column":61},"end":{"line":83,"column":91}},"type":"cond-expr","locations":[{"start":{"line":83,"column":78},"end":{"line":83,"column":89}},{"start":{"line":83,"column":89},"end":{"line":83,"column":91}}],"line":83},"9":{"loc":{"start":{"line":86,"column":29},"end":{"line":86,"column":null}},"type":"cond-expr","locations":[{"start":{"line":86,"column":45},"end":{"line":86,"column":55}},{"start":{"line":86,"column":55},"end":{"line":86,"column":null}}],"line":86},"10":{"loc":{"start":{"line":93,"column":13},"end":{"line":96,"column":null}},"type":"binary-expr","locations":[{"start":{"line":93,"column":13},"end":{"line":93,"column":null}},{"start":{"line":94,"column":16},"end":{"line":96,"column":null}}],"line":93},"11":{"loc":{"start":{"line":112,"column":33},"end":{"line":115,"column":null}},"type":"binary-expr","locations":[{"start":{"line":112,"column":33},"end":{"line":112,"column":null}},{"start":{"line":113,"column":36},"end":{"line":115,"column":null}}],"line":112},"12":{"loc":{"start":{"line":120,"column":37},"end":{"line":120,"column":null}},"type":"cond-expr","locations":[{"start":{"line":120,"column":57},"end":{"line":120,"column":87}},{"start":{"line":120,"column":87},"end":{"line":120,"column":null}}],"line":120},"13":{"loc":{"start":{"line":124,"column":73},"end":{"line":124,"column":110}},"type":"cond-expr","locations":[{"start":{"line":124,"column":95},"end":{"line":124,"column":108}},{"start":{"line":124,"column":108},"end":{"line":124,"column":110}}],"line":124},"14":{"loc":{"start":{"line":127,"column":37},"end":{"line":127,"column":null}},"type":"cond-expr","locations":[{"start":{"line":127,"column":59},"end":{"line":127,"column":74}},{"start":{"line":127,"column":74},"end":{"line":127,"column":null}}],"line":127}},"s":{"0":2,"1":2,"2":2,"3":2,"4":2,"5":2,"6":2,"7":1,"8":1,"9":1,"10":1,"11":0,"12":0,"13":0,"14":0,"15":0,"16":1,"17":1,"18":3,"19":1,"20":1,"21":0,"22":1,"23":1,"24":2,"25":2,"26":2,"27":0,"28":0,"29":2,"30":3,"31":2,"32":0,"33":0,"34":0,"35":0,"36":0,"37":2,"38":1,"39":1,"40":2,"41":1,"42":1,"43":3,"44":0,"45":3,"46":0},"f":{"0":2,"1":1,"2":1,"3":3,"4":0,"5":2,"6":0,"7":3,"8":0,"9":0,"10":1,"11":1,"12":3,"13":0,"14":3,"15":0},"b":{"0":[1,0],"1":[1,0],"2":[3,0],"3":[0,0],"4":[3,0],"5":[1,0],"6":[2,0],"7":[1,1],"8":[1,2],"9":[1,2],"10":[1,0],"11":[3,3],"12":[0,3],"13":[0,3],"14":[0,3]},"meta":{"lastBranch":15,"lastFunction":16,"lastStatement":47,"seen":{"f:4:9:4:20":0,"s:5:26:5:Infinity":0,"s:6:34:6:Infinity":1,"s:7:36:7:Infinity":2,"s:8:28:8:Infinity":3,"s:9:36:9:Infinity":4,"s:10:10:10:Infinity":5,"s:12:4:23:Infinity":6,"f:12:14:12:20":1,"s:13:25:13:Infinity":7,"b:14:8:17:Infinity:undefined:undefined:undefined:undefined":0,"s:14:8:17:Infinity":8,"s:15:12:15:Infinity":9,"s:16:12:16:Infinity":10,"s:18:19:18:Infinity":11,"s:19:8:19:Infinity":12,"s:20:8:20:Infinity":13,"s:21:8:21:Infinity":14,"s:22:8:22:Infinity":15,"f:25:13:25:33":2,"s:26:22:26:Infinity":16,"b:26:41:26:75:26:75:26:Infinity":1,"s:28:29:34:Infinity":17,"f:28:39:28:40":3,"s:28:47:34:10":18,"b:30:48:30:59:30:59:30:Infinity":2,"b:30:63:30:75:30:75:30:77":3,"b:32:16:32:Infinity:33:16:33:Infinity":4,"s:35:8:35:Infinity":19,"s:37:21:39:Infinity":20,"b:38:14:38:Infinity:39:14:39:Infinity":5,"f:39:43:39:44":4,"s:39:50:39:55":21,"s:40:8:40:Infinity":22,"s:41:8:41:Infinity":23,"s:44:10:47:Infinity":24,"f:44:39:44:45":5,"b:45:8:45:Infinity:undefined:undefined:undefined:undefined":6,"s:45:8:45:Infinity":25,"s:45:30:45:Infinity":26,"s:46:8:46:Infinity":27,"f:46:32:46:33":6,"s:46:39:46:55":28,"s:49:23:54:Infinity":29,"f:49:23:49:24":7,"s:50:8:54:Infinity":30,"s:56:20:61:Infinity":31,"f:56:20:56:21":8,"s:57:8:57:Infinity":32,"s:58:8:58:Infinity":33,"s:59:8:59:Infinity":34,"s:60:8:60:Infinity":35,"f:60:38:60:44":9,"s:60:44:60:65":36,"s:63:4:63:Infinity":37,"f:63:14:63:20":10,"s:63:20:63:58":38,"f:63:20:63:26":11,"s:63:26:63:58":39,"b:65:4:71:Infinity:undefined:undefined:undefined:undefined":7,"s:65:4:71:Infinity":40,"s:66:8:69:Infinity":41,"s:73:4:134:Infinity":42,"f:80:36:80:37":12,"s:81:24:87:Infinity":43,"b:83:78:83:89:83:89:83:91":8,"f:84:37:84:43":13,"s:84:43:84:Infinity":44,"b:86:45:86:55:86:55:86:Infinity":9,"b:93:13:93:Infinity:94:16:96:Infinity":10,"f:101:40:101:41":14,"s:102:20:131:Infinity":45,"b:112:33:112:Infinity:113:36:115:Infinity":11,"b:120:57:120:87:120:87:120:Infinity":12,"b:124:95:124:108:124:108:124:110":13,"f:125:45:125:51":15,"s:125:51:125:Infinity":46,"b:127:59:127:74:127:74:127:Infinity":14}}}
,"C:\\Users\\dazap\\OneDrive\\Escritorio\\pasteleria-react-vite-main\\src\\pages\\Contacto.jsx": {"path":"C:\\Users\\dazap\\OneDrive\\Escritorio\\pasteleria-react-vite-main\\src\\pages\\Contacto.jsx","statementMap":{"0":{"start":{"line":2,"column":4},"end":{"line":129,"column":null}}},"fnMap":{"0":{"name":"Contacto","decl":{"start":{"line":1,"column":9},"end":{"line":1,"column":20}},"loc":{"start":{"line":1,"column":20},"end":{"line":132,"column":null}},"line":1}},"branchMap":{},"s":{"0":2},"f":{"0":2},"b":{},"meta":{"lastBranch":0,"lastFunction":1,"lastStatement":1,"seen":{"f:1:9:1:20":0,"s:2:4:129:Infinity":0}}}
,"C:\\Users\\dazap\\OneDrive\\Escritorio\\pasteleria-react-vite-main\\src\\pages\\Contador.jsx": {"path":"C:\\Users\\dazap\\OneDrive\\Escritorio\\pasteleria-react-vite-main\\src\\pages\\Contador.jsx","statementMap":{"0":{"start":{"line":4,"column":31},"end":{"line":4,"column":null}},"1":{"start":{"line":5,"column":4},"end":{"line":15,"column":null}},"2":{"start":{"line":10,"column":16},"end":{"line":10,"column":null}}},"fnMap":{"0":{"name":"Contador","decl":{"start":{"line":3,"column":9},"end":{"line":3,"column":20}},"loc":{"start":{"line":3,"column":20},"end":{"line":17,"column":null}},"line":3},"1":{"name":"(anonymous_1)","decl":{"start":{"line":9,"column":21},"end":{"line":9,"column":25}},"loc":{"start":{"line":9,"column":25},"end":{"line":11,"column":null}},"line":9}},"branchMap":{},"s":{"0":3,"1":3,"2":1},"f":{"0":3,"1":1},"b":{},"meta":{"lastBranch":0,"lastFunction":2,"lastStatement":3,"seen":{"f:3:9:3:20":0,"s:4:31:4:Infinity":0,"s:5:4:15:Infinity":1,"f:9:21:9:25":1,"s:10:16:10:Infinity":2}}}
[...]
,"C:\\Users\\dazap\\OneDrive\\Escritorio\\pasteleria-react-vite-main\\src\\pages\\NavBar.jsx": {"path":"C:\\Users\\dazap\\OneDrive\\Escritorio\\pasteleria-react-vite-main\\src\\pages\\NavBar.jsx","statementMap":{"0":{"start":{"line":7,"column":26},"end":{"line":7,"column":null}},"1":{"start":{"line":9,"column":26},"end":{"line":17,"column":null}},"2":{"start":{"line":10,"column":8},"end":{"line":16,"column":null}},"3":{"start":{"line":11,"column":18},"end":{"line":11,"column":null}},"4":{"start":{"line":12,"column":26},"end":{"line":12,"column":null}},"5":{"start":{"line":12,"column":52},"end":{"line":12,"column":81}},"6":{"start":{"line":13,"column":12},"end":{"line":13,"column":null}},"7":{"start":{"line":15,"column":12},"end":{"line":15,"column":null}},"8":{"start":{"line":19,"column":4},"end":{"line":39,"column":null}},"9":{"start":{"line":21,"column":8},"end":{"line":21,"column":null}},"10":{"start":{"line":24,"column":25},"end":{"line":24,"column":null}},"11":{"start":{"line":24,"column":31},"end":{"line":24,"column":null}},"12":{"start":{"line":26,"column":26},"end":{"line":26,"column":null}},"13":{"start":{"line":26,"column":32},"end":{"line":26,"column":null}},"14":{"start":{"line":28,"column":29},"end":{"line":28,"column":null}},"15":{"start":{"line":28,"column":35},"end":{"line":28,"column":null}},"16":{"start":{"line":30,"column":8},"end":{"line":30,"column":null}},"17":{"start":{"line":31,"column":8},"end":{"line":31,"column":null}},"18":{"start":{"line":32,"column":8},"end":{"line":32,"column":null}},"19":{"start":{"line":34,"column":8},"end":{"line":38,"column":null}},"20":{"start":{"line":35,"column":12},"end":{"line":35,"column":null}},"21":{"start":{"line":36,"column":12},"end":{"line":36,"column":null}},"22":{"start":{"line":37,"column":12},"end":{"line":37,"column":null}},"23":{"start":{"line":41,"column":4},"end":{"line":116,"column":null}},"24":{"start":{"line":67,"column":81},"end":{"line":67,"column":121}},"25":{"start":{"line":72,"column":85},"end":{"line":72,"column":125}},"26":{"start":{"line":77,"column":85},"end":{"line":77,"column":125}},"27":{"start":{"line":82,"column":85},"end":{"line":82,"column":125}},"28":{"start":{"line":87,"column":81},"end":{"line":87,"column":121}}},"fnMap":{"0":{"name":"NavBar","decl":{"start":{"line":6,"column":9},"end":{"line":6,"column":18}},"loc":{"start":{"line":6,"column":18},"end":{"line":118,"column":null}},"line":6},"1":{"name":"(anonymous_1)","decl":{"start":{"line":9,"column":26},"end":{"line":9,"column":32}},"loc":{"start":{"line":9,"column":32},"end":{"line":17,"column":null}},"line":9},"2":{"name":"(anonymous_2)","decl":{"start":{"line":12,"column":39},"end":{"line":12,"column":40}},"loc":{"start":{"line":12,"column":52},"end":{"line":12,"column":81}},"line":12},"3":{"name":"(anonymous_3)","decl":{"start":{"line":19,"column":14},"end":{"line":19,"column":20}},"loc":{"start":{"line":19,"column":20},"end":{"line":39,"column":7}},"line":19},"4":{"name":"(anonymous_4)","decl":{"start":{"line":24,"column":25},"end":{"line":24,"column":31}},"loc":{"start":{"line":24,"column":31},"end":{"line":24,"column":null}},"line":24},"5":{"name":"(anonymous_5)","decl":{"start":{"line":26,"column":26},"end":{"line":26,"column":32}},"loc":{"start":{"line":26,"column":32},"end":{"line":26,"column":null}},"line":26},"6":{"name":"(anonymous_6)","decl":{"start":{"line":28,"column":29},"end":{"line":28,"column":35}},"loc":{"start":{"line":28,"column":35},"end":{"line":28,"column":null}},"line":28},"7":{"name":"(anonymous_7)","decl":{"start":{"line":34,"column":15},"end":{"line":34,"column":21}},"loc":{"start":{"line":34,"column":21},"end":{"line":38,"column":null}},"line":34},"8":{"name":"(anonymous_8)","decl":{"start":{"line":67,"column":63},"end":{"line":67,"column":64}},"loc":{"start":{"line":67,"column":81},"end":{"line":67,"column":121}},"line":67},"9":{"name":"(anonymous_9)","decl":{"start":{"line":72,"column":67},"end":{"line":72,"column":68}},"loc":{"start":{"line":72,"column":85},"end":{"line":72,"column":125}},"line":72},"10":{"name":"(anonymous_10)","decl":{"start":{"line":77,"column":67},"end":{"line":77,"column":68}},"loc":{"start":{"line":77,"column":85},"end":{"line":77,"column":125}},"line":77},"11":{"name":"(anonymous_11)","decl":{"start":{"line":82,"column":67},"end":{"line":82,"column":68}},"loc":{"start":{"line":82,"column":85},"end":{"line":82,"column":125}},"line":82},"12":{"name":"(anonymous_12)","decl":{"start":{"line":87,"column":63},"end":{"line":87,"column":64}},"loc":{"start":{"line":87,"column":81},"end":{"line":87,"column":121}},"line":87}},"branchMap":{"0":{"loc":{"start":{"line":12,"column":59},"end":{"line":12,"column":81}},"type":"binary-expr","locations":[{"start":{"line":12,"column":59},"end":{"line":12,"column":77}},{"start":{"line":12,"column":77},"end":{"line":12,"column":81}}],"line":12},"1":{"loc":{"start":{"line":28,"column":35},"end":{"line":28,"column":null}},"type":"binary-expr","locations":[{"start":{"line":28,"column":35},"end":{"line":28,"column":77}},{"start":{"line":28,"column":77},"end":{"line":28,"column":null}}],"line":28},"2":{"loc":{"start":{"line":67,"column":93},"end":{"line":67,"column":117}},"type":"cond-expr","locations":[{"start":{"line":67,"column":104},"end":{"line":67,"column":115}},{"start":{"line":67,"column":115},"end":{"line":67,"column":117}}],"line":67},"3":{"loc":{"start":{"line":72,"column":97},"end":{"line":72,"column":121}},"type":"cond-expr","locations":[{"start":{"line":72,"column":108},"end":{"line":72,"column":119}},{"start":{"line":72,"column":119},"end":{"line":72,"column":121}}],"line":72},"4":{"loc":{"start":{"line":77,"column":97},"end":{"line":77,"column":121}},"type":"cond-expr","locations":[{"start":{"line":77,"column":108},"end":{"line":77,"column":119}},{"start":{"line":77,"column":119},"end":{"line":77,"column":121}}],"line":77},"5":{"loc":{"start":{"line":82,"column":97},"end":{"line":82,"column":121}},"type":"cond-expr","locations":[{"start":{"line":82,"column":108},"end":{"line":82,"column":119}},{"start":{"line":82,"column":119},"end":{"line":82,"column":121}}],"line":82},"6":{"loc":{"start":{"line":87,"column":93},"end":{"line":87,"column":117}},"type":"cond-expr","locations":[{"start":{"line":87,"column":104},"end":{"line":87,"column":115}},{"start":{"line":87,"column":115},"end":{"line":87,"column":117}}],"line":87}},"s":{"0":4,"1":4,"2":2,"3":2,"4":2,"5":4,"6":2,"7":0,"8":4,"9":2,"10":2,"11":0,"12":2,"13":0,"14":2,"15":0,"16":2,"17":2,"18":2,"19":2,"20":2,"21":2,"22":2,"23":4,"24":4,"25":4,"26":4,"27":4,"28":4},"f":{"0":4,"1":2,"2":4,"3":2,"4":0,"5":0,"6":0,"7":2,"8":4,"9":4,"10":4,"11":4,"12":4},"b":{"0":[4,0],"1":[0,0],"2":[4,0],"3":[0,4],"4":[0,4],"5":[0,4],"6":[0,4]},"meta":{"lastBranch":7,"lastFunction":13,"lastStatement":29,"seen":{"f:6:9:6:18":0,"s:7:26:7:Infinity":0,"s:9:26:17:Infinity":1,"f:9:26:9:32":1,"s:10:8:16:Infinity":2,"s:11:18:11:Infinity":3,"s:12:26:12:Infinity":4,"f:12:39:12:40":2,"s:12:52:12:81":5,"b:12:59:12:77:12:77:12:81":0,"s:13:12:13:Infinity":6,"s:15:12:15:Infinity":7,"s:19:4:39:Infinity":8,"f:19:14:19:20":3,"s:21:8:21:Infinity":9,"s:24:25:24:Infinity":10,"f:24:25:24:31":4,"s:24:31:24:Infinity":11,"s:26:26:26:Infinity":12,"f:26:26:26:32":5,"s:26:32:26:Infinity":13,"s:28:29:28:Infinity":14,"f:28:29:28:35":6,"s:28:35:28:Infinity":15,"b:28:35:28:77:28:77:28:Infinity":1,"s:30:8:30:Infinity":16,"s:31:8:31:Infinity":17,"s:32:8:32:Infinity":18,"s:34:8:38:Infinity":19,"f:34:15:34:21":7,"s:35:12:35:Infinity":20,"s:36:12:36:Infinity":21,"s:37:12:37:Infinity":22,"s:41:4:116:Infinity":23,"f:67:63:67:64":8,"s:67:81:67:121":24,"b:67:104:67:115:67:115:67:117":2,"f:72:67:72:68":9,"s:72:85:72:125":25,"b:72:108:72:119:72:119:72:121":3,"f:77:67:77:68":10,"s:77:85:77:125":26,"b:77:108:77:119:77:119:77:121":4,"f:82:67:82:68":11,"s:82:85:82:125":27,"b:82:108:82:119:82:119:82:121":5,"f:87:63:87:64":12,"s:87:81:87:121":28,"b:87:104:87:115:87:115:87:117":6}}}
,"C:\\Users\\dazap\\OneDrive\\Escritorio\\pasteleria-react-vite-main\\src\\pages\\Nosotros.jsx": {"path":"C:\\Users\\dazap\\OneDrive\\Escritorio\\pasteleria-react-vite-main\\src\\pages\\Nosotros.jsx","statementMap":{"0":{"start":{"line":2,"column":4},"end":{"line":92,"column":null}}},"fnMap":{"0":{"name":"Nosotros","decl":{"start":{"line":1,"column":9},"end":{"line":1,"column":20}},"loc":{"start":{"line":1,"column":20},"end":{"line":94,"column":null}},"line":1}},"branchMap":{},"s":{"0":2},"f":{"0":2},"b":{},"meta":{"lastBranch":0,"lastFunction":1,"lastStatement":1,"seen":{"f:1:9:1:20":0,"s:2:4:92:Infinity":0}}}
,"C:\\Users\\dazap\\OneDrive\\Escritorio\\pasteleria-react-vite-main\\src\\pages\\PerfilUsuario.jsx": {"path":"C:\\Users\\dazap\\OneDrive\\Escritorio\\pasteleria-react-vite-main\\src\\pages\\PerfilUsuario.jsx","statementMap":{"0":{"start":{"line":3,"column":22},"end":{"line":16,"column":null}},"1":{"start":{"line":5,"column":25},"end":{"line":5,"column":null}},"2":{"start":{"line":7,"column":4},"end":{"line":13,"column":null}}},"fnMap":{"0":{"name":"(anonymous_0)","decl":{"start":{"line":3,"column":22},"end":{"line":3,"column":27}},"loc":{"start":{"line":3,"column":27},"end":{"line":16,"column":null}},"line":3}},"branchMap":{},"s":{"0":1,"1":2,"2":2},"f":{"0":2},"b":{},"meta":{"lastBranch":0,"lastFunction":1,"lastStatement":3,"seen":{"s:3:22:16:Infinity":0,"f:3:22:3:27":0,"s:5:25:5:Infinity":1,"s:7:4:13:Infinity":2}}}
,"C:\\Users\\dazap\\OneDrive\\Escritorio\\pasteleria-react-vite-main\\src\\utils\\cart.js": {"path":"C:\\Users\\dazap\\OneDrive\\Escritorio\\pasteleria-react-vite-main\\src\\utils\\cart.js","statementMap":{"0":{"start":{"line":2,"column":12},"end":{"line":2,"column":18}},"1":{"start":{"line":4,"column":23},"end":{"line":10,"column":1}},"2":{"start":{"line":5,"column":4},"end":{"line":9,"column":null}},"3":{"start":{"line":6,"column":8},"end":{"line":6,"column":null}},"4":{"start":{"line":8,"column":8},"end":{"line":8,"column":null}},"5":{"start":{"line":12,"column":24},"end":{"line":16,"column":1}},"6":{"start":{"line":13,"column":4},"end":{"line":13,"column":null}},"7":{"start":{"line":15,"column":4},"end":{"line":15,"column":null}},"8":{"start":{"line":18,"column":25},"end":{"line":40,"column":1}},"9":{"start":{"line":19,"column":18},"end":{"line":19,"column":27}},"10":{"start":{"line":20,"column":14},"end":{"line":20,"column":57}},"11":{"start":{"line":20,"column":37},"end":{"line":20,"column":56}},"12":{"start":{"line":22,"column":19},"end":{"line":24,"column":36}},"13":{"start":{"line":26,"column":4},"end":{"line":36,"column":null}},"14":{"start":{"line":27,"column":8},"end":{"line":27,"column":null}},"15":{"start":{"line":29,"column":8},"end":{"line":35,"column":null}},"16":{"start":{"line":38,"column":4},"end":{"line":38,"column":null}},"17":{"start":{"line":39,"column":4},"end":{"line":39,"column":null}},"18":{"start":{"line":42,"column":30},"end":{"line":46,"column":1}},"19":{"start":{"line":43,"column":18},"end":{"line":43,"column":54}},"20":{"start":{"line":43,"column":42},"end":{"line":43,"column":53}},"21":{"start":{"line":44,"column":4},"end":{"line":44,"column":null}},"22":{"start":{"line":45,"column":4},"end":{"line":45,"column":null}},"23":{"start":{"line":48,"column":25},"end":{"line":54,"column":1}},"24":{"start":{"line":49,"column":12},"end":{"line":49,"column":29}},"25":{"start":{"line":50,"column":4},"end":{"line":50,"column":null}},"26":{"start":{"line":50,"column":27},"end":{"line":50,"column":null}},"27":{"start":{"line":51,"column":18},"end":{"line":51,"column":76}},"28":{"start":{"line":51,"column":40},"end":{"line":51,"column":74}},"29":{"start":{"line":52,"column":4},"end":{"line":52,"column":null}},"30":{"start":{"line":53,"column":4},"end":{"line":53,"column":null}},"31":{"start":{"line":56,"column":25},"end":{"line":59,"column":1}},"32":{"start":{"line":57,"column":4},"end":{"line":57,"column":null}},"33":{"start":{"line":58,"column":4},"end":{"line":58,"column":null}},"34":{"start":{"line":61,"column":26},"end":{"line":66,"column":29}},"35":{"start":{"line":62,"column":4},"end":{"line":66,"column":29}}},"fnMap":{"0":{"name":"(anonymous_0)","decl":{"start":{"line":4,"column":23},"end":{"line":4,"column":24}},"loc":{"start":{"line":4,"column":29},"end":{"line":10,"column":1}},"line":4},"1":{"name":"(anonymous_1)","decl":{"start":{"line":12,"column":24},"end":{"line":12,"column":25}},"loc":{"start":{"line":12,"column":35},"end":{"line":16,"column":1}},"line":12},"2":{"name":"(anonymous_2)","decl":{"start":{"line":18,"column":25},"end":{"line":18,"column":26}},"loc":{"start":{"line":18,"column":47},"end":{"line":40,"column":1}},"line":18},"3":{"name":"(anonymous_3)","decl":{"start":{"line":20,"column":30},"end":{"line":20,"column":31}},"loc":{"start":{"line":20,"column":37},"end":{"line":20,"column":56}},"line":20},"4":{"name":"(anonymous_4)","decl":{"start":{"line":42,"column":30},"end":{"line":42,"column":31}},"loc":{"start":{"line":42,"column":38},"end":{"line":46,"column":1}},"line":42},"5":{"name":"(anonymous_5)","decl":{"start":{"line":43,"column":35},"end":{"line":43,"column":36}},"loc":{"start":{"line":43,"column":42},"end":{"line":43,"column":53}},"line":43},"6":{"name":"(anonymous_6)","decl":{"start":{"line":48,"column":25},"end":{"line":48,"column":26}},"loc":{"start":{"line":48,"column":38},"end":{"line":54,"column":1}},"line":48},"7":{"name":"(anonymous_7)","decl":{"start":{"line":51,"column":32},"end":{"line":51,"column":33}},"loc":{"start":{"line":51,"column":40},"end":{"line":51,"column":74}},"line":51},"8":{"name":"(anonymous_8)","decl":{"start":{"line":56,"column":25},"end":{"line":56,"column":26}},"loc":{"start":{"line":56,"column":31},"end":{"line":59,"column":1}},"line":56},"9":{"name":"(anonymous_9)","decl":{"start":{"line":61,"column":26},"end":{"line":61,"column":27}},"loc":{"start":{"line":62,"column":4},"end":{"line":66,"column":29}},"line":62}},"branchMap":{"0":{"loc":{"start":{"line":6,"column":26},"end":{"line":6,"column":59}},"type":"binary-expr","locations":[{"start":{"line":6,"column":26},"end":{"line":6,"column":51}},{"start":{"line":6,"column":55},"end":{"line":6,"column":59}}],"line":6},"1":{"loc":{"start":{"line":18,"column":35},"end":{"line":18,"column":42}},"type":"default-arg","locations":[{"start":{"line":18,"column":41},"end":{"line":18,"column":42}}],"line":18},"2":{"loc":{"start":{"line":22,"column":19},"end":{"line":24,"column":36}},"type":"cond-expr","locations":[{"start":{"line":23,"column":10},"end":{"line":23,"column":null}},{"start":{"line":24,"column":10},"end":{"line":24,"column":36}}],"line":22},"3":{"loc":{"start":{"line":22,"column":20},"end":{"line":22,"column":40}},"type":"binary-expr","locations":[{"start":{"line":22,"column":20},"end":{"line":22,"column":34}},{"start":{"line":22,"column":38},"end":{"line":22,"column":40}}],"line":22},"4":{"loc":{"start":{"line":24,"column":14},"end":{"line":24,"column":34}},"type":"binary-expr","locations":[{"start":{"line":24,"column":14},"end":{"line":24,"column":28}},{"start":{"line":24,"column":32},"end":{"line":24,"column":34}}],"line":24},"5":{"loc":{"start":{"line":26,"column":4},"end":{"line":36,"column":null}},"type":"if","locations":[{"start":{"line":26,"column":4},"end":{"line":36,"column":null}},{"start":{"line":28,"column":11},"end":{"line":36,"column":null}}],"line":26},"6":{"loc":{"start":{"line":27,"column":24},"end":{"line":27,"column":49}},"type":"binary-expr","locations":[{"start":{"line":27,"column":24},"end":{"line":27,"column":44}},{"start":{"line":27,"column":48},"end":{"line":27,"column":49}}],"line":27},"7":{"loc":{"start":{"line":27,"column":54},"end":{"line":27,"column":70}},"type":"binary-expr","locations":[{"start":{"line":27,"column":54},"end":{"line":27,"column":65}},{"start":{"line":27,"column":69},"end":{"line":27,"column":70}}],"line":27},"8":{"loc":{"start":{"line":32,"column":20},"end":{"line":32,"column":47}},"type":"binary-expr","locations":[{"start":{"line":32,"column":20},"end":{"line":32,"column":42}},{"start":{"line":32,"column":46},"end":{"line":32,"column":47}}],"line":32},"9":{"loc":{"start":{"line":34,"column":17},"end":{"line":34,"column":33}},"type":"binary-expr","locations":[{"start":{"line":34,"column":17},"end":{"line":34,"column":28}},{"start":{"line":34,"column":32},"end":{"line":34,"column":33}}],"line":34},"10":{"loc":{"start":{"line":50,"column":4},"end":{"line":50,"column":null}},"type":"if","locations":[{"start":{"line":50,"column":4},"end":{"line":50,"column":null}},{"start":{},"end":{}}],"line":50},"11":{"loc":{"start":{"line":50,"column":8},"end":{"line":50,"column":25}},"type":"binary-expr","locations":[{"start":{"line":50,"column":8},"end":{"line":50,"column":16}},{"start":{"line":50,"column":20},"end":{"line":50,"column":25}}],"line":50},"12":{"loc":{"start":{"line":51,"column":40},"end":{"line":51,"column":74}},"type":"cond-expr","locations":[{"start":{"line":51,"column":54},"end":{"line":51,"column":70}},{"start":{"line":51,"column":73},"end":{"line":51,"column":74}}],"line":51},"13":{"loc":{"start":{"line":66,"column":14},"end":{"line":66,"column":28}},"type":"binary-expr","locations":[{"start":{"line":66,"column":14},"end":{"line":66,"column":23}},{"start":{"line":66,"column":27},"end":{"line":66,"column":28}}],"line":66}},"s":{"0":1,"1":1,"2":0,"3":0,"4":0,"5":1,"6":0,"7":0,"8":1,"9":0,"10":0,"11":0,"12":0,"13":0,"14":0,"15":0,"16":0,"17":0,"18":1,"19":0,"20":0,"21":0,"22":0,"23":1,"24":0,"25":0,"26":0,"27":0,"28":0,"29":0,"30":0,"31":1,"32":0,"33":0,"34":1,"35":0},"f":{"0":0,"1":0,"2":0,"3":0,"4":0,"5":0,"6":0,"7":0,"8":0,"9":0},"b":{"0":[0,0],"1":[0],"2":[0,0],"3":[0,0],"4":[0,0],"5":[0,0],"6":[0,0],"7":[0,0],"8":[0,0],"9":[0,0],"10":[0,0],"11":[0,0],"12":[0,0],"13":[0,0]},"meta":{"lastBranch":14,"lastFunction":10,"lastStatement":36,"seen":{"s:2:12:2:18":0,"s:4:23:10:1":1,"f:4:23:4:24":0,"s:5:4:9:Infinity":2,"s:6:8:6:Infinity":3,"b:6:26:6:51:6:55:6:59":0,"s:8:8:8:Infinity":4,"s:12:24:16:1":5,"f:12:24:12:25":1,"s:13:4:13:Infinity":6,"s:15:4:15:Infinity":7,"s:18:25:40:1":8,"f:18:25:18:26":2,"b:18:41:18:42":1,"s:19:18:19:27":9,"s:20:14:20:57":10,"f:20:30:20:31":3,"s:20:37:20:56":11,"s:22:19:24:36":12,"b:23:10:23:Infinity:24:10:24:36":2,"b:22:20:22:34:22:38:22:40":3,"b:24:14:24:28:24:32:24:34":4,"b:26:4:36:Infinity:28:11:36:Infinity":5,"s:26:4:36:Infinity":13,"s:27:8:27:Infinity":14,"b:27:24:27:44:27:48:27:49":6,"b:27:54:27:65:27:69:27:70":7,"s:29:8:35:Infinity":15,"b:32:20:32:42:32:46:32:47":8,"b:34:17:34:28:34:32:34:33":9,"s:38:4:38:Infinity":16,"s:39:4:39:Infinity":17,"s:42:30:46:1":18,"f:42:30:42:31":4,"s:43:18:43:54":19,"f:43:35:43:36":5,"s:43:42:43:53":20,"s:44:4:44:Infinity":21,"s:45:4:45:Infinity":22,"s:48:25:54:1":23,"f:48:25:48:26":6,"s:49:12:49:29":24,"b:50:4:50:Infinity:undefined:undefined:undefined:undefined":10,"s:50:4:50:Infinity":25,"b:50:8:50:16:50:20:50:25":11,"s:50:27:50:Infinity":26,"s:51:18:51:76":27,"f:51:32:51:33":7,"s:51:40:51:74":28,"b:51:54:51:70:51:73:51:74":12,"s:52:4:52:Infinity":29,"s:53:4:53:Infinity":30,"s:56:25:59:1":31,"f:56:25:56:26":8,"s:57:4:57:Infinity":32,"s:58:4:58:Infinity":33,"s:61:26:66:29":34,"f:61:26:61:27":9,"s:62:4:66:29":35,"b:66:14:66:23:66:27:66:28":13}}}
}
