{"C:\\Users\\dazap\\OneDrive\\Escritorio\\TRRABAJO\\src\\pages\\Contador.jsx": {"path":"C:\\Users\\dazap\\OneDrive\\Escritorio\\TRRABAJO\\src\\pages\\Contador.jsx","statementMap":{"0":{"start":{"line":4,"column":31},"end":{"line":4,"column":null}},"1":{"start":{"line":5,"column":4},"end":{"line":15,"column":null}},"2":{"start":{"line":10,"column":16},"end":{"line":10,"column":null}}},"fnMap":{"0":{"name":"Contador","decl":{"start":{"line":3,"column":9},"end":{"line":3,"column":20}},"loc":{"start":{"line":3,"column":20},"end":{"line":17,"column":null}},"line":3},"1":{"name":"(anonymous_1)","decl":{"start":{"line":9,"column":21},"end":{"line":9,"column":25}},"loc":{"start":{"line":9,"column":25},"end":{"line":11,"column":null}},"line":9}},"branchMap":{},"s":{"0":3,"1":3,"2":1},"f":{"0":3,"1":1},"b":{},"meta":{"lastBranch":0,"lastFunction":2,"lastStatement":3,"seen":{"f:3:9:3:20":0,"s:4:31:4:Infinity":0,"s:5:4:15:Infinity":1,"f:9:21:9:25":1,"s:10:16:10:Infinity":2}}}
}
